[2025-06-19 13:12:29] server.ERROR: SQLSTATE[23000]: Integrity constraint violation: 1062 Duplicate entry 'PGPEBULK97229705' for key 'txnid' (SQL: insert into `log_webhooks` (`txnid`, `product`, `response`, `created_at`) values (PGPEBULK97229705, camlenio, {"order_id":"PGPEBULK97229705","status":"Reversed","message":"Failed","amount":10900,"utr":null,"transaction_date":"2025-06-19T07:42:29.151968Z"}, 2025-06-19 13:12:29)) {"exception":"[object] (Illuminate\\Database\\QueryException(code: 23000): SQLSTATE[23000]: Integrity constraint violation: 1062 Duplicate entry 'PGPEBULK97229705' for key 'txnid' (SQL: insert into `log_webhooks` (`txnid`, `product`, `response`, `created_at`) values (PGPEBULK97229705, camlenio, {\"order_id\":\"PGPEBULK97229705\",\"status\":\"Reversed\",\"message\":\"Failed\",\"amount\":10900,\"utr\":null,\"transaction_date\":\"2025-06-19T07:42:29.151968Z\"}, 2025-06-19 13:12:29)) at /home/memberpehunt/public_html/production/vendor/illuminate/database/Connection.php:760)
[stacktrace]
#0 /home/memberpehunt/public_html/production/vendor/illuminate/database/Connection.php(720): Illuminate\\Database\\Connection->runQueryCallback('insert into `lo...', Array, Object(Closure))
#1 /home/memberpehunt/public_html/production/vendor/illuminate/database/Connection.php(534): Illuminate\\Database\\Connection->run('insert into `lo...', Array, Object(Closure))
#2 /home/memberpehunt/public_html/production/vendor/illuminate/database/Connection.php(498): Illuminate\\Database\\Connection->statement('insert into `lo...', Array)
#3 /home/memberpehunt/public_html/production/vendor/illuminate/database/Query/Builder.php(3222): Illuminate\\Database\\Connection->insert('insert into `lo...', Array)
#4 /home/memberpehunt/public_html/production/app/Http/Controllers/Services/PayoutController.php(2425): Illuminate\\Database\\Query\\Builder->insert(Array)
#5 /home/memberpehunt/public_html/production/vendor/illuminate/container/BoundMethod.php(36): App\\Http\\Controllers\\Services\\PayoutController->webhook(Object(Laravel\\Lumen\\Http\\Request), 'camlenio')
#6 /home/memberpehunt/public_html/production/vendor/illuminate/container/Util.php(41): Illuminate\\Container\\BoundMethod::Illuminate\\Container\\{closure}()
#7 /home/memberpehunt/public_html/production/vendor/illuminate/container/BoundMethod.php(93): Illuminate\\Container\\Util::unwrapIfClosure(Object(Closure))
#8 /home/memberpehunt/public_html/production/vendor/illuminate/container/BoundMethod.php(35): Illuminate\\Container\\BoundMethod::callBoundMethod(Object(Laravel\\Lumen\\Application), Array, Object(Closure))
#9 /home/memberpehunt/public_html/production/vendor/illuminate/container/Container.php(663): Illuminate\\Container\\BoundMethod::call(Object(Laravel\\Lumen\\Application), Array, Array, NULL)
#10 /home/memberpehunt/public_html/production/vendor/laravel/lumen-framework/src/Concerns/RoutesRequests.php(391): Illuminate\\Container\\Container->call(Array, Array)
#11 /home/memberpehunt/public_html/production/vendor/laravel/lumen-framework/src/Concerns/RoutesRequests.php(356): Laravel\\Lumen\\Application->callControllerCallable(Array, Array)
#12 /home/memberpehunt/public_html/production/vendor/laravel/lumen-framework/src/Concerns/RoutesRequests.php(331): Laravel\\Lumen\\Application->callLumenController(Object(App\\Http\\Controllers\\Services\\PayoutController), 'webhook', Array)
#13 /home/memberpehunt/public_html/production/vendor/laravel/lumen-framework/src/Concerns/RoutesRequests.php(284): Laravel\\Lumen\\Application->callControllerAction(Array)
#14 /home/memberpehunt/public_html/production/vendor/laravel/lumen-framework/src/Concerns/RoutesRequests.php(269): Laravel\\Lumen\\Application->callActionOnArrayBasedRoute(Array)
#15 /home/memberpehunt/public_html/production/vendor/laravel/lumen-framework/src/Concerns/RoutesRequests.php(239): Laravel\\Lumen\\Application->handleFoundRoute(Array)
#16 /home/memberpehunt/public_html/production/vendor/laravel/lumen-framework/src/Concerns/RoutesRequests.php(174): Laravel\\Lumen\\Application->handleDispatcherResponse(Array)
#17 /home/memberpehunt/public_html/production/vendor/laravel/lumen-framework/src/Concerns/RoutesRequests.php(431): Laravel\\Lumen\\Application->Laravel\\Lumen\\Concerns\\{closure}(Object(Laravel\\Lumen\\Http\\Request))
#18 /home/memberpehunt/public_html/production/vendor/laravel/lumen-framework/src/Concerns/RoutesRequests.php(167): Laravel\\Lumen\\Application->sendThroughPipeline(Array, Object(Closure))
#19 /home/memberpehunt/public_html/production/vendor/laravel/lumen-framework/src/Concerns/RoutesRequests.php(112): Laravel\\Lumen\\Application->dispatch(NULL)
#20 /home/memberpehunt/public_html/production/index.php(29): Laravel\\Lumen\\Application->run()
#21 {main}

[previous exception] [object] (PDOException(code: 23000): SQLSTATE[23000]: Integrity constraint violation: 1062 Duplicate entry 'PGPEBULK97229705' for key 'txnid' at /home/memberpehunt/public_html/production/vendor/illuminate/database/Connection.php:545)
[stacktrace]
#0 /home/memberpehunt/public_html/production/vendor/illuminate/database/Connection.php(545): PDOStatement->execute()
#1 /home/memberpehunt/public_html/production/vendor/illuminate/database/Connection.php(753): Illuminate\\Database\\Connection->Illuminate\\Database\\{closure}('insert into `lo...', Array)
#2 /home/memberpehunt/public_html/production/vendor/illuminate/database/Connection.php(720): Illuminate\\Database\\Connection->runQueryCallback('insert into `lo...', Array, Object(Closure))
#3 /home/memberpehunt/public_html/production/vendor/illuminate/database/Connection.php(534): Illuminate\\Database\\Connection->run('insert into `lo...', Array, Object(Closure))
#4 /home/memberpehunt/public_html/production/vendor/illuminate/database/Connection.php(498): Illuminate\\Database\\Connection->statement('insert into `lo...', Array)
#5 /home/memberpehunt/public_html/production/vendor/illuminate/database/Query/Builder.php(3222): Illuminate\\Database\\Connection->insert('insert into `lo...', Array)
#6 /home/memberpehunt/public_html/production/app/Http/Controllers/Services/PayoutController.php(2425): Illuminate\\Database\\Query\\Builder->insert(Array)
#7 /home/memberpehunt/public_html/production/vendor/illuminate/container/BoundMethod.php(36): App\\Http\\Controllers\\Services\\PayoutController->webhook(Object(Laravel\\Lumen\\Http\\Request), 'camlenio')
#8 /home/memberpehunt/public_html/production/vendor/illuminate/container/Util.php(41): Illuminate\\Container\\BoundMethod::Illuminate\\Container\\{closure}()
#9 /home/memberpehunt/public_html/production/vendor/illuminate/container/BoundMethod.php(93): Illuminate\\Container\\Util::unwrapIfClosure(Object(Closure))
#10 /home/memberpehunt/public_html/production/vendor/illuminate/container/BoundMethod.php(35): Illuminate\\Container\\BoundMethod::callBoundMethod(Object(Laravel\\Lumen\\Application), Array, Object(Closure))
#11 /home/memberpehunt/public_html/production/vendor/illuminate/container/Container.php(663): Illuminate\\Container\\BoundMethod::call(Object(Laravel\\Lumen\\Application), Array, Array, NULL)
#12 /home/memberpehunt/public_html/production/vendor/laravel/lumen-framework/src/Concerns/RoutesRequests.php(391): Illuminate\\Container\\Container->call(Array, Array)
#13 /home/memberpehunt/public_html/production/vendor/laravel/lumen-framework/src/Concerns/RoutesRequests.php(356): Laravel\\Lumen\\Application->callControllerCallable(Array, Array)
#14 /home/memberpehunt/public_html/production/vendor/laravel/lumen-framework/src/Concerns/RoutesRequests.php(331): Laravel\\Lumen\\Application->callLumenController(Object(App\\Http\\Controllers\\Services\\PayoutController), 'webhook', Array)
#15 /home/memberpehunt/public_html/production/vendor/laravel/lumen-framework/src/Concerns/RoutesRequests.php(284): Laravel\\Lumen\\Application->callControllerAction(Array)
#16 /home/memberpehunt/public_html/production/vendor/laravel/lumen-framework/src/Concerns/RoutesRequests.php(269): Laravel\\Lumen\\Application->callActionOnArrayBasedRoute(Array)
#17 /home/memberpehunt/public_html/production/vendor/laravel/lumen-framework/src/Concerns/RoutesRequests.php(239): Laravel\\Lumen\\Application->handleFoundRoute(Array)
#18 /home/memberpehunt/public_html/production/vendor/laravel/lumen-framework/src/Concerns/RoutesRequests.php(174): Laravel\\Lumen\\Application->handleDispatcherResponse(Array)
#19 /home/memberpehunt/public_html/production/vendor/laravel/lumen-framework/src/Concerns/RoutesRequests.php(431): Laravel\\Lumen\\Application->Laravel\\Lumen\\Concerns\\{closure}(Object(Laravel\\Lumen\\Http\\Request))
#20 /home/memberpehunt/public_html/production/vendor/laravel/lumen-framework/src/Concerns/RoutesRequests.php(167): Laravel\\Lumen\\Application->sendThroughPipeline(Array, Object(Closure))
#21 /home/memberpehunt/public_html/production/vendor/laravel/lumen-framework/src/Concerns/RoutesRequests.php(112): Laravel\\Lumen\\Application->dispatch(NULL)
#22 /home/memberpehunt/public_html/production/index.php(29): Laravel\\Lumen\\Application->run()
#23 {main}
"} 
[2025-06-19 13:12:30] server.ERROR: SQLSTATE[23000]: Integrity constraint violation: 1062 Duplicate entry 'PGPEBULK80660073' for key 'txnid' (SQL: insert into `log_webhooks` (`txnid`, `product`, `response`, `created_at`) values (PGPEBULK80660073, camlenio, {"order_id":"PGPEBULK80660073","status":"Reversed","message":"Failed","amount":10900,"utr":null,"transaction_date":"2025-06-19T07:42:30.106506Z"}, 2025-06-19 13:12:30)) {"exception":"[object] (Illuminate\\Database\\QueryException(code: 23000): SQLSTATE[23000]: Integrity constraint violation: 1062 Duplicate entry 'PGPEBULK80660073' for key 'txnid' (SQL: insert into `log_webhooks` (`txnid`, `product`, `response`, `created_at`) values (PGPEBULK80660073, camlenio, {\"order_id\":\"PGPEBULK80660073\",\"status\":\"Reversed\",\"message\":\"Failed\",\"amount\":10900,\"utr\":null,\"transaction_date\":\"2025-06-19T07:42:30.106506Z\"}, 2025-06-19 13:12:30)) at /home/memberpehunt/public_html/production/vendor/illuminate/database/Connection.php:760)
[stacktrace]
#0 /home/memberpehunt/public_html/production/vendor/illuminate/database/Connection.php(720): Illuminate\\Database\\Connection->runQueryCallback('insert into `lo...', Array, Object(Closure))
#1 /home/memberpehunt/public_html/production/vendor/illuminate/database/Connection.php(534): Illuminate\\Database\\Connection->run('insert into `lo...', Array, Object(Closure))
#2 /home/memberpehunt/public_html/production/vendor/illuminate/database/Connection.php(498): Illuminate\\Database\\Connection->statement('insert into `lo...', Array)
#3 /home/memberpehunt/public_html/production/vendor/illuminate/database/Query/Builder.php(3222): Illuminate\\Database\\Connection->insert('insert into `lo...', Array)
#4 /home/memberpehunt/public_html/production/app/Http/Controllers/Services/PayoutController.php(2425): Illuminate\\Database\\Query\\Builder->insert(Array)
#5 /home/memberpehunt/public_html/production/vendor/illuminate/container/BoundMethod.php(36): App\\Http\\Controllers\\Services\\PayoutController->webhook(Object(Laravel\\Lumen\\Http\\Request), 'camlenio')
#6 /home/memberpehunt/public_html/production/vendor/illuminate/container/Util.php(41): Illuminate\\Container\\BoundMethod::Illuminate\\Container\\{closure}()
#7 /home/memberpehunt/public_html/production/vendor/illuminate/container/BoundMethod.php(93): Illuminate\\Container\\Util::unwrapIfClosure(Object(Closure))
#8 /home/memberpehunt/public_html/production/vendor/illuminate/container/BoundMethod.php(35): Illuminate\\Container\\BoundMethod::callBoundMethod(Object(Laravel\\Lumen\\Application), Array, Object(Closure))
#9 /home/memberpehunt/public_html/production/vendor/illuminate/container/Container.php(663): Illuminate\\Container\\BoundMethod::call(Object(Laravel\\Lumen\\Application), Array, Array, NULL)
#10 /home/memberpehunt/public_html/production/vendor/laravel/lumen-framework/src/Concerns/RoutesRequests.php(391): Illuminate\\Container\\Container->call(Array, Array)
#11 /home/memberpehunt/public_html/production/vendor/laravel/lumen-framework/src/Concerns/RoutesRequests.php(356): Laravel\\Lumen\\Application->callControllerCallable(Array, Array)
#12 /home/memberpehunt/public_html/production/vendor/laravel/lumen-framework/src/Concerns/RoutesRequests.php(331): Laravel\\Lumen\\Application->callLumenController(Object(App\\Http\\Controllers\\Services\\PayoutController), 'webhook', Array)
#13 /home/memberpehunt/public_html/production/vendor/laravel/lumen-framework/src/Concerns/RoutesRequests.php(284): Laravel\\Lumen\\Application->callControllerAction(Array)
#14 /home/memberpehunt/public_html/production/vendor/laravel/lumen-framework/src/Concerns/RoutesRequests.php(269): Laravel\\Lumen\\Application->callActionOnArrayBasedRoute(Array)
#15 /home/memberpehunt/public_html/production/vendor/laravel/lumen-framework/src/Concerns/RoutesRequests.php(239): Laravel\\Lumen\\Application->handleFoundRoute(Array)
#16 /home/memberpehunt/public_html/production/vendor/laravel/lumen-framework/src/Concerns/RoutesRequests.php(174): Laravel\\Lumen\\Application->handleDispatcherResponse(Array)
#17 /home/memberpehunt/public_html/production/vendor/laravel/lumen-framework/src/Concerns/RoutesRequests.php(431): Laravel\\Lumen\\Application->Laravel\\Lumen\\Concerns\\{closure}(Object(Laravel\\Lumen\\Http\\Request))
#18 /home/memberpehunt/public_html/production/vendor/laravel/lumen-framework/src/Concerns/RoutesRequests.php(167): Laravel\\Lumen\\Application->sendThroughPipeline(Array, Object(Closure))
#19 /home/memberpehunt/public_html/production/vendor/laravel/lumen-framework/src/Concerns/RoutesRequests.php(112): Laravel\\Lumen\\Application->dispatch(NULL)
#20 /home/memberpehunt/public_html/production/index.php(29): Laravel\\Lumen\\Application->run()
#21 {main}

[previous exception] [object] (PDOException(code: 23000): SQLSTATE[23000]: Integrity constraint violation: 1062 Duplicate entry 'PGPEBULK80660073' for key 'txnid' at /home/memberpehunt/public_html/production/vendor/illuminate/database/Connection.php:545)
[stacktrace]
#0 /home/memberpehunt/public_html/production/vendor/illuminate/database/Connection.php(545): PDOStatement->execute()
#1 /home/memberpehunt/public_html/production/vendor/illuminate/database/Connection.php(753): Illuminate\\Database\\Connection->Illuminate\\Database\\{closure}('insert into `lo...', Array)
#2 /home/memberpehunt/public_html/production/vendor/illuminate/database/Connection.php(720): Illuminate\\Database\\Connection->runQueryCallback('insert into `lo...', Array, Object(Closure))
#3 /home/memberpehunt/public_html/production/vendor/illuminate/database/Connection.php(534): Illuminate\\Database\\Connection->run('insert into `lo...', Array, Object(Closure))
#4 /home/memberpehunt/public_html/production/vendor/illuminate/database/Connection.php(498): Illuminate\\Database\\Connection->statement('insert into `lo...', Array)
#5 /home/memberpehunt/public_html/production/vendor/illuminate/database/Query/Builder.php(3222): Illuminate\\Database\\Connection->insert('insert into `lo...', Array)
#6 /home/memberpehunt/public_html/production/app/Http/Controllers/Services/PayoutController.php(2425): Illuminate\\Database\\Query\\Builder->insert(Array)
#7 /home/memberpehunt/public_html/production/vendor/illuminate/container/BoundMethod.php(36): App\\Http\\Controllers\\Services\\PayoutController->webhook(Object(Laravel\\Lumen\\Http\\Request), 'camlenio')
#8 /home/memberpehunt/public_html/production/vendor/illuminate/container/Util.php(41): Illuminate\\Container\\BoundMethod::Illuminate\\Container\\{closure}()
#9 /home/memberpehunt/public_html/production/vendor/illuminate/container/BoundMethod.php(93): Illuminate\\Container\\Util::unwrapIfClosure(Object(Closure))
#10 /home/memberpehunt/public_html/production/vendor/illuminate/container/BoundMethod.php(35): Illuminate\\Container\\BoundMethod::callBoundMethod(Object(Laravel\\Lumen\\Application), Array, Object(Closure))
#11 /home/memberpehunt/public_html/production/vendor/illuminate/container/Container.php(663): Illuminate\\Container\\BoundMethod::call(Object(Laravel\\Lumen\\Application), Array, Array, NULL)
#12 /home/memberpehunt/public_html/production/vendor/laravel/lumen-framework/src/Concerns/RoutesRequests.php(391): Illuminate\\Container\\Container->call(Array, Array)
#13 /home/memberpehunt/public_html/production/vendor/laravel/lumen-framework/src/Concerns/RoutesRequests.php(356): Laravel\\Lumen\\Application->callControllerCallable(Array, Array)
#14 /home/memberpehunt/public_html/production/vendor/laravel/lumen-framework/src/Concerns/RoutesRequests.php(331): Laravel\\Lumen\\Application->callLumenController(Object(App\\Http\\Controllers\\Services\\PayoutController), 'webhook', Array)
#15 /home/memberpehunt/public_html/production/vendor/laravel/lumen-framework/src/Concerns/RoutesRequests.php(284): Laravel\\Lumen\\Application->callControllerAction(Array)
#16 /home/memberpehunt/public_html/production/vendor/laravel/lumen-framework/src/Concerns/RoutesRequests.php(269): Laravel\\Lumen\\Application->callActionOnArrayBasedRoute(Array)
#17 /home/memberpehunt/public_html/production/vendor/laravel/lumen-framework/src/Concerns/RoutesRequests.php(239): Laravel\\Lumen\\Application->handleFoundRoute(Array)
#18 /home/memberpehunt/public_html/production/vendor/laravel/lumen-framework/src/Concerns/RoutesRequests.php(174): Laravel\\Lumen\\Application->handleDispatcherResponse(Array)
#19 /home/memberpehunt/public_html/production/vendor/laravel/lumen-framework/src/Concerns/RoutesRequests.php(431): Laravel\\Lumen\\Application->Laravel\\Lumen\\Concerns\\{closure}(Object(Laravel\\Lumen\\Http\\Request))
#20 /home/memberpehunt/public_html/production/vendor/laravel/lumen-framework/src/Concerns/RoutesRequests.php(167): Laravel\\Lumen\\Application->sendThroughPipeline(Array, Object(Closure))
#21 /home/memberpehunt/public_html/production/vendor/laravel/lumen-framework/src/Concerns/RoutesRequests.php(112): Laravel\\Lumen\\Application->dispatch(NULL)
#22 /home/memberpehunt/public_html/production/index.php(29): Laravel\\Lumen\\Application->run()
#23 {main}
"} 
