[2025-08-01 18:46:08] server.ERROR: Undefined property: stdClass::$token {"exception":"[object] (ErrorException(code: 0): Undefined property: stdClass::$token at /home/memberpehunt/public_html/production/app/Http/Controllers/Services/PayoutController.php:838)
[stacktrace]
#0 /home/memberpehunt/public_html/production/vendor/laravel/lumen-framework/src/Concerns/RegistersExceptionHandlers.php(47): Laravel\\Lumen\\Application->handleError(2, 'Undefined prope...', '/home/memberpeh...', 838)
#1 /home/memberpehunt/public_html/production/app/Http/Controllers/Services/PayoutController.php(838): Laravel\\Lumen\\Application->Laravel\\Lumen\\Concerns\\{closure}(2, 'Undefined prope...', '/home/memberpeh...', 838)
#2 /home/memberpehunt/public_html/production/vendor/illuminate/container/BoundMethod.php(36): App\\Http\\Controllers\\Services\\PayoutController->create(Object(Laravel\\Lumen\\Http\\Request))
#3 /home/memberpehunt/public_html/production/vendor/illuminate/container/Util.php(41): Illuminate\\Container\\BoundMethod::Illuminate\\Container\\{closure}()
#4 /home/memberpehunt/public_html/production/vendor/illuminate/container/BoundMethod.php(93): Illuminate\\Container\\Util::unwrapIfClosure(Object(Closure))
#5 /home/memberpehunt/public_html/production/vendor/illuminate/container/BoundMethod.php(35): Illuminate\\Container\\BoundMethod::callBoundMethod(Object(Laravel\\Lumen\\Application), Array, Object(Closure))
#6 /home/memberpehunt/public_html/production/vendor/illuminate/container/Container.php(663): Illuminate\\Container\\BoundMethod::call(Object(Laravel\\Lumen\\Application), Array, Array, NULL)
#7 /home/memberpehunt/public_html/production/vendor/laravel/lumen-framework/src/Concerns/RoutesRequests.php(391): Illuminate\\Container\\Container->call(Array, Array)
#8 /home/memberpehunt/public_html/production/vendor/laravel/lumen-framework/src/Concerns/RoutesRequests.php(356): Laravel\\Lumen\\Application->callControllerCallable(Array, Array)
#9 /home/memberpehunt/public_html/production/vendor/laravel/lumen-framework/src/Concerns/RoutesRequests.php(331): Laravel\\Lumen\\Application->callLumenController(Object(App\\Http\\Controllers\\Services\\PayoutController), 'create', Array)
#10 /home/memberpehunt/public_html/production/vendor/laravel/lumen-framework/src/Concerns/RoutesRequests.php(284): Laravel\\Lumen\\Application->callControllerAction(Array)
#11 /home/memberpehunt/public_html/production/vendor/laravel/lumen-framework/src/Concerns/RoutesRequests.php(264): Laravel\\Lumen\\Application->callActionOnArrayBasedRoute(Array)
#12 /home/memberpehunt/public_html/production/vendor/laravel/lumen-framework/src/Routing/Pipeline.php(48): Laravel\\Lumen\\Application->Laravel\\Lumen\\Concerns\\{closure}(Object(Laravel\\Lumen\\Http\\Request))
#13 /home/memberpehunt/public_html/production/app/Http/Middleware/ApiChecks.php(59): Laravel\\Lumen\\Routing\\Pipeline->Laravel\\Lumen\\Routing\\{closure}(Object(Laravel\\Lumen\\Http\\Request))
#14 /home/memberpehunt/public_html/production/vendor/illuminate/pipeline/Pipeline.php(180): App\\Http\\Middleware\\ApiChecks->handle(Object(Laravel\\Lumen\\Http\\Request), Object(Closure))
#15 /home/memberpehunt/public_html/production/vendor/laravel/lumen-framework/src/Routing/Pipeline.php(30): Illuminate\\Pipeline\\Pipeline->Illuminate\\Pipeline\\{closure}(Object(Laravel\\Lumen\\Http\\Request))
#16 /home/memberpehunt/public_html/production/vendor/illuminate/pipeline/Pipeline.php(116): Laravel\\Lumen\\Routing\\Pipeline->Laravel\\Lumen\\Routing\\{closure}(Object(Laravel\\Lumen\\Http\\Request))
#17 /home/memberpehunt/public_html/production/vendor/laravel/lumen-framework/src/Concerns/RoutesRequests.php(428): Illuminate\\Pipeline\\Pipeline->then(Object(Closure))
#18 /home/memberpehunt/public_html/production/vendor/laravel/lumen-framework/src/Concerns/RoutesRequests.php(263): Laravel\\Lumen\\Application->sendThroughPipeline(Array, Object(Closure))
#19 /home/memberpehunt/public_html/production/vendor/laravel/lumen-framework/src/Concerns/RoutesRequests.php(171): Laravel\\Lumen\\Application->handleFoundRoute(Array)
#20 /home/memberpehunt/public_html/production/vendor/laravel/lumen-framework/src/Concerns/RoutesRequests.php(431): Laravel\\Lumen\\Application->Laravel\\Lumen\\Concerns\\{closure}(Object(Laravel\\Lumen\\Http\\Request))
#21 /home/memberpehunt/public_html/production/vendor/laravel/lumen-framework/src/Concerns/RoutesRequests.php(167): Laravel\\Lumen\\Application->sendThroughPipeline(Array, Object(Closure))
#22 /home/memberpehunt/public_html/production/vendor/laravel/lumen-framework/src/Concerns/RoutesRequests.php(112): Laravel\\Lumen\\Application->dispatch(NULL)
#23 /home/memberpehunt/public_html/production/index.php(29): Laravel\\Lumen\\Application->run()
#24 {main}
"} 
[2025-08-01 18:47:17] server.ERROR: Undefined property: stdClass::$token {"exception":"[object] (ErrorException(code: 0): Undefined property: stdClass::$token at /home/memberpehunt/public_html/production/app/Http/Controllers/Services/PayoutController.php:838)
[stacktrace]
#0 /home/memberpehunt/public_html/production/vendor/laravel/lumen-framework/src/Concerns/RegistersExceptionHandlers.php(47): Laravel\\Lumen\\Application->handleError(2, 'Undefined prope...', '/home/memberpeh...', 838)
#1 /home/memberpehunt/public_html/production/app/Http/Controllers/Services/PayoutController.php(838): Laravel\\Lumen\\Application->Laravel\\Lumen\\Concerns\\{closure}(2, 'Undefined prope...', '/home/memberpeh...', 838)
#2 /home/memberpehunt/public_html/production/vendor/illuminate/container/BoundMethod.php(36): App\\Http\\Controllers\\Services\\PayoutController->create(Object(Laravel\\Lumen\\Http\\Request))
#3 /home/memberpehunt/public_html/production/vendor/illuminate/container/Util.php(41): Illuminate\\Container\\BoundMethod::Illuminate\\Container\\{closure}()
#4 /home/memberpehunt/public_html/production/vendor/illuminate/container/BoundMethod.php(93): Illuminate\\Container\\Util::unwrapIfClosure(Object(Closure))
#5 /home/memberpehunt/public_html/production/vendor/illuminate/container/BoundMethod.php(35): Illuminate\\Container\\BoundMethod::callBoundMethod(Object(Laravel\\Lumen\\Application), Array, Object(Closure))
#6 /home/memberpehunt/public_html/production/vendor/illuminate/container/Container.php(663): Illuminate\\Container\\BoundMethod::call(Object(Laravel\\Lumen\\Application), Array, Array, NULL)
#7 /home/memberpehunt/public_html/production/vendor/laravel/lumen-framework/src/Concerns/RoutesRequests.php(391): Illuminate\\Container\\Container->call(Array, Array)
#8 /home/memberpehunt/public_html/production/vendor/laravel/lumen-framework/src/Concerns/RoutesRequests.php(356): Laravel\\Lumen\\Application->callControllerCallable(Array, Array)
#9 /home/memberpehunt/public_html/production/vendor/laravel/lumen-framework/src/Concerns/RoutesRequests.php(331): Laravel\\Lumen\\Application->callLumenController(Object(App\\Http\\Controllers\\Services\\PayoutController), 'create', Array)
#10 /home/memberpehunt/public_html/production/vendor/laravel/lumen-framework/src/Concerns/RoutesRequests.php(284): Laravel\\Lumen\\Application->callControllerAction(Array)
#11 /home/memberpehunt/public_html/production/vendor/laravel/lumen-framework/src/Concerns/RoutesRequests.php(264): Laravel\\Lumen\\Application->callActionOnArrayBasedRoute(Array)
#12 /home/memberpehunt/public_html/production/vendor/laravel/lumen-framework/src/Routing/Pipeline.php(48): Laravel\\Lumen\\Application->Laravel\\Lumen\\Concerns\\{closure}(Object(Laravel\\Lumen\\Http\\Request))
#13 /home/memberpehunt/public_html/production/app/Http/Middleware/ApiChecks.php(59): Laravel\\Lumen\\Routing\\Pipeline->Laravel\\Lumen\\Routing\\{closure}(Object(Laravel\\Lumen\\Http\\Request))
#14 /home/memberpehunt/public_html/production/vendor/illuminate/pipeline/Pipeline.php(180): App\\Http\\Middleware\\ApiChecks->handle(Object(Laravel\\Lumen\\Http\\Request), Object(Closure))
#15 /home/memberpehunt/public_html/production/vendor/laravel/lumen-framework/src/Routing/Pipeline.php(30): Illuminate\\Pipeline\\Pipeline->Illuminate\\Pipeline\\{closure}(Object(Laravel\\Lumen\\Http\\Request))
#16 /home/memberpehunt/public_html/production/vendor/illuminate/pipeline/Pipeline.php(116): Laravel\\Lumen\\Routing\\Pipeline->Laravel\\Lumen\\Routing\\{closure}(Object(Laravel\\Lumen\\Http\\Request))
#17 /home/memberpehunt/public_html/production/vendor/laravel/lumen-framework/src/Concerns/RoutesRequests.php(428): Illuminate\\Pipeline\\Pipeline->then(Object(Closure))
#18 /home/memberpehunt/public_html/production/vendor/laravel/lumen-framework/src/Concerns/RoutesRequests.php(263): Laravel\\Lumen\\Application->sendThroughPipeline(Array, Object(Closure))
#19 /home/memberpehunt/public_html/production/vendor/laravel/lumen-framework/src/Concerns/RoutesRequests.php(171): Laravel\\Lumen\\Application->handleFoundRoute(Array)
#20 /home/memberpehunt/public_html/production/vendor/laravel/lumen-framework/src/Concerns/RoutesRequests.php(431): Laravel\\Lumen\\Application->Laravel\\Lumen\\Concerns\\{closure}(Object(Laravel\\Lumen\\Http\\Request))
#21 /home/memberpehunt/public_html/production/vendor/laravel/lumen-framework/src/Concerns/RoutesRequests.php(167): Laravel\\Lumen\\Application->sendThroughPipeline(Array, Object(Closure))
#22 /home/memberpehunt/public_html/production/vendor/laravel/lumen-framework/src/Concerns/RoutesRequests.php(112): Laravel\\Lumen\\Application->dispatch(NULL)
#23 /home/memberpehunt/public_html/production/index.php(29): Laravel\\Lumen\\Application->run()
#24 {main}
"} 
[2025-08-01 18:49:34] server.ERROR: Undefined property: stdClass::$token {"exception":"[object] (ErrorException(code: 0): Undefined property: stdClass::$token at /home/memberpehunt/public_html/production/app/Http/Controllers/Services/PayoutController.php:838)
[stacktrace]
#0 /home/memberpehunt/public_html/production/vendor/laravel/lumen-framework/src/Concerns/RegistersExceptionHandlers.php(47): Laravel\\Lumen\\Application->handleError(2, 'Undefined prope...', '/home/memberpeh...', 838)
#1 /home/memberpehunt/public_html/production/app/Http/Controllers/Services/PayoutController.php(838): Laravel\\Lumen\\Application->Laravel\\Lumen\\Concerns\\{closure}(2, 'Undefined prope...', '/home/memberpeh...', 838)
#2 /home/memberpehunt/public_html/production/vendor/illuminate/container/BoundMethod.php(36): App\\Http\\Controllers\\Services\\PayoutController->create(Object(Laravel\\Lumen\\Http\\Request))
#3 /home/memberpehunt/public_html/production/vendor/illuminate/container/Util.php(41): Illuminate\\Container\\BoundMethod::Illuminate\\Container\\{closure}()
#4 /home/memberpehunt/public_html/production/vendor/illuminate/container/BoundMethod.php(93): Illuminate\\Container\\Util::unwrapIfClosure(Object(Closure))
#5 /home/memberpehunt/public_html/production/vendor/illuminate/container/BoundMethod.php(35): Illuminate\\Container\\BoundMethod::callBoundMethod(Object(Laravel\\Lumen\\Application), Array, Object(Closure))
#6 /home/memberpehunt/public_html/production/vendor/illuminate/container/Container.php(663): Illuminate\\Container\\BoundMethod::call(Object(Laravel\\Lumen\\Application), Array, Array, NULL)
#7 /home/memberpehunt/public_html/production/vendor/laravel/lumen-framework/src/Concerns/RoutesRequests.php(391): Illuminate\\Container\\Container->call(Array, Array)
#8 /home/memberpehunt/public_html/production/vendor/laravel/lumen-framework/src/Concerns/RoutesRequests.php(356): Laravel\\Lumen\\Application->callControllerCallable(Array, Array)
#9 /home/memberpehunt/public_html/production/vendor/laravel/lumen-framework/src/Concerns/RoutesRequests.php(331): Laravel\\Lumen\\Application->callLumenController(Object(App\\Http\\Controllers\\Services\\PayoutController), 'create', Array)
#10 /home/memberpehunt/public_html/production/vendor/laravel/lumen-framework/src/Concerns/RoutesRequests.php(284): Laravel\\Lumen\\Application->callControllerAction(Array)
#11 /home/memberpehunt/public_html/production/vendor/laravel/lumen-framework/src/Concerns/RoutesRequests.php(264): Laravel\\Lumen\\Application->callActionOnArrayBasedRoute(Array)
#12 /home/memberpehunt/public_html/production/vendor/laravel/lumen-framework/src/Routing/Pipeline.php(48): Laravel\\Lumen\\Application->Laravel\\Lumen\\Concerns\\{closure}(Object(Laravel\\Lumen\\Http\\Request))
#13 /home/memberpehunt/public_html/production/app/Http/Middleware/ApiChecks.php(59): Laravel\\Lumen\\Routing\\Pipeline->Laravel\\Lumen\\Routing\\{closure}(Object(Laravel\\Lumen\\Http\\Request))
#14 /home/memberpehunt/public_html/production/vendor/illuminate/pipeline/Pipeline.php(180): App\\Http\\Middleware\\ApiChecks->handle(Object(Laravel\\Lumen\\Http\\Request), Object(Closure))
#15 /home/memberpehunt/public_html/production/vendor/laravel/lumen-framework/src/Routing/Pipeline.php(30): Illuminate\\Pipeline\\Pipeline->Illuminate\\Pipeline\\{closure}(Object(Laravel\\Lumen\\Http\\Request))
#16 /home/memberpehunt/public_html/production/vendor/illuminate/pipeline/Pipeline.php(116): Laravel\\Lumen\\Routing\\Pipeline->Laravel\\Lumen\\Routing\\{closure}(Object(Laravel\\Lumen\\Http\\Request))
#17 /home/memberpehunt/public_html/production/vendor/laravel/lumen-framework/src/Concerns/RoutesRequests.php(428): Illuminate\\Pipeline\\Pipeline->then(Object(Closure))
#18 /home/memberpehunt/public_html/production/vendor/laravel/lumen-framework/src/Concerns/RoutesRequests.php(263): Laravel\\Lumen\\Application->sendThroughPipeline(Array, Object(Closure))
#19 /home/memberpehunt/public_html/production/vendor/laravel/lumen-framework/src/Concerns/RoutesRequests.php(171): Laravel\\Lumen\\Application->handleFoundRoute(Array)
#20 /home/memberpehunt/public_html/production/vendor/laravel/lumen-framework/src/Concerns/RoutesRequests.php(431): Laravel\\Lumen\\Application->Laravel\\Lumen\\Concerns\\{closure}(Object(Laravel\\Lumen\\Http\\Request))
#21 /home/memberpehunt/public_html/production/vendor/laravel/lumen-framework/src/Concerns/RoutesRequests.php(167): Laravel\\Lumen\\Application->sendThroughPipeline(Array, Object(Closure))
#22 /home/memberpehunt/public_html/production/vendor/laravel/lumen-framework/src/Concerns/RoutesRequests.php(112): Laravel\\Lumen\\Application->dispatch(NULL)
#23 /home/memberpehunt/public_html/production/index.php(29): Laravel\\Lumen\\Application->run()
#24 {main}
"} 
[2025-08-01 18:49:41] server.ERROR: Undefined property: stdClass::$token {"exception":"[object] (ErrorException(code: 0): Undefined property: stdClass::$token at /home/memberpehunt/public_html/production/app/Http/Controllers/Services/PayoutController.php:838)
[stacktrace]
#0 /home/memberpehunt/public_html/production/vendor/laravel/lumen-framework/src/Concerns/RegistersExceptionHandlers.php(47): Laravel\\Lumen\\Application->handleError(2, 'Undefined prope...', '/home/memberpeh...', 838)
#1 /home/memberpehunt/public_html/production/app/Http/Controllers/Services/PayoutController.php(838): Laravel\\Lumen\\Application->Laravel\\Lumen\\Concerns\\{closure}(2, 'Undefined prope...', '/home/memberpeh...', 838)
#2 /home/memberpehunt/public_html/production/vendor/illuminate/container/BoundMethod.php(36): App\\Http\\Controllers\\Services\\PayoutController->create(Object(Laravel\\Lumen\\Http\\Request))
#3 /home/memberpehunt/public_html/production/vendor/illuminate/container/Util.php(41): Illuminate\\Container\\BoundMethod::Illuminate\\Container\\{closure}()
#4 /home/memberpehunt/public_html/production/vendor/illuminate/container/BoundMethod.php(93): Illuminate\\Container\\Util::unwrapIfClosure(Object(Closure))
#5 /home/memberpehunt/public_html/production/vendor/illuminate/container/BoundMethod.php(35): Illuminate\\Container\\BoundMethod::callBoundMethod(Object(Laravel\\Lumen\\Application), Array, Object(Closure))
#6 /home/memberpehunt/public_html/production/vendor/illuminate/container/Container.php(663): Illuminate\\Container\\BoundMethod::call(Object(Laravel\\Lumen\\Application), Array, Array, NULL)
#7 /home/memberpehunt/public_html/production/vendor/laravel/lumen-framework/src/Concerns/RoutesRequests.php(391): Illuminate\\Container\\Container->call(Array, Array)
#8 /home/memberpehunt/public_html/production/vendor/laravel/lumen-framework/src/Concerns/RoutesRequests.php(356): Laravel\\Lumen\\Application->callControllerCallable(Array, Array)
#9 /home/memberpehunt/public_html/production/vendor/laravel/lumen-framework/src/Concerns/RoutesRequests.php(331): Laravel\\Lumen\\Application->callLumenController(Object(App\\Http\\Controllers\\Services\\PayoutController), 'create', Array)
#10 /home/memberpehunt/public_html/production/vendor/laravel/lumen-framework/src/Concerns/RoutesRequests.php(284): Laravel\\Lumen\\Application->callControllerAction(Array)
#11 /home/memberpehunt/public_html/production/vendor/laravel/lumen-framework/src/Concerns/RoutesRequests.php(264): Laravel\\Lumen\\Application->callActionOnArrayBasedRoute(Array)
#12 /home/memberpehunt/public_html/production/vendor/laravel/lumen-framework/src/Routing/Pipeline.php(48): Laravel\\Lumen\\Application->Laravel\\Lumen\\Concerns\\{closure}(Object(Laravel\\Lumen\\Http\\Request))
#13 /home/memberpehunt/public_html/production/app/Http/Middleware/ApiChecks.php(59): Laravel\\Lumen\\Routing\\Pipeline->Laravel\\Lumen\\Routing\\{closure}(Object(Laravel\\Lumen\\Http\\Request))
#14 /home/memberpehunt/public_html/production/vendor/illuminate/pipeline/Pipeline.php(180): App\\Http\\Middleware\\ApiChecks->handle(Object(Laravel\\Lumen\\Http\\Request), Object(Closure))
#15 /home/memberpehunt/public_html/production/vendor/laravel/lumen-framework/src/Routing/Pipeline.php(30): Illuminate\\Pipeline\\Pipeline->Illuminate\\Pipeline\\{closure}(Object(Laravel\\Lumen\\Http\\Request))
#16 /home/memberpehunt/public_html/production/vendor/illuminate/pipeline/Pipeline.php(116): Laravel\\Lumen\\Routing\\Pipeline->Laravel\\Lumen\\Routing\\{closure}(Object(Laravel\\Lumen\\Http\\Request))
#17 /home/memberpehunt/public_html/production/vendor/laravel/lumen-framework/src/Concerns/RoutesRequests.php(428): Illuminate\\Pipeline\\Pipeline->then(Object(Closure))
#18 /home/memberpehunt/public_html/production/vendor/laravel/lumen-framework/src/Concerns/RoutesRequests.php(263): Laravel\\Lumen\\Application->sendThroughPipeline(Array, Object(Closure))
#19 /home/memberpehunt/public_html/production/vendor/laravel/lumen-framework/src/Concerns/RoutesRequests.php(171): Laravel\\Lumen\\Application->handleFoundRoute(Array)
#20 /home/memberpehunt/public_html/production/vendor/laravel/lumen-framework/src/Concerns/RoutesRequests.php(431): Laravel\\Lumen\\Application->Laravel\\Lumen\\Concerns\\{closure}(Object(Laravel\\Lumen\\Http\\Request))
#21 /home/memberpehunt/public_html/production/vendor/laravel/lumen-framework/src/Concerns/RoutesRequests.php(167): Laravel\\Lumen\\Application->sendThroughPipeline(Array, Object(Closure))
#22 /home/memberpehunt/public_html/production/vendor/laravel/lumen-framework/src/Concerns/RoutesRequests.php(112): Laravel\\Lumen\\Application->dispatch(NULL)
#23 /home/memberpehunt/public_html/production/index.php(29): Laravel\\Lumen\\Application->run()
#24 {main}
"} 
[2025-08-01 18:49:49] server.ERROR: Undefined property: stdClass::$token {"exception":"[object] (ErrorException(code: 0): Undefined property: stdClass::$token at /home/memberpehunt/public_html/production/app/Http/Controllers/Services/PayoutController.php:838)
[stacktrace]
#0 /home/memberpehunt/public_html/production/vendor/laravel/lumen-framework/src/Concerns/RegistersExceptionHandlers.php(47): Laravel\\Lumen\\Application->handleError(2, 'Undefined prope...', '/home/memberpeh...', 838)
#1 /home/memberpehunt/public_html/production/app/Http/Controllers/Services/PayoutController.php(838): Laravel\\Lumen\\Application->Laravel\\Lumen\\Concerns\\{closure}(2, 'Undefined prope...', '/home/memberpeh...', 838)
#2 /home/memberpehunt/public_html/production/vendor/illuminate/container/BoundMethod.php(36): App\\Http\\Controllers\\Services\\PayoutController->create(Object(Laravel\\Lumen\\Http\\Request))
#3 /home/memberpehunt/public_html/production/vendor/illuminate/container/Util.php(41): Illuminate\\Container\\BoundMethod::Illuminate\\Container\\{closure}()
#4 /home/memberpehunt/public_html/production/vendor/illuminate/container/BoundMethod.php(93): Illuminate\\Container\\Util::unwrapIfClosure(Object(Closure))
#5 /home/memberpehunt/public_html/production/vendor/illuminate/container/BoundMethod.php(35): Illuminate\\Container\\BoundMethod::callBoundMethod(Object(Laravel\\Lumen\\Application), Array, Object(Closure))
#6 /home/memberpehunt/public_html/production/vendor/illuminate/container/Container.php(663): Illuminate\\Container\\BoundMethod::call(Object(Laravel\\Lumen\\Application), Array, Array, NULL)
#7 /home/memberpehunt/public_html/production/vendor/laravel/lumen-framework/src/Concerns/RoutesRequests.php(391): Illuminate\\Container\\Container->call(Array, Array)
#8 /home/memberpehunt/public_html/production/vendor/laravel/lumen-framework/src/Concerns/RoutesRequests.php(356): Laravel\\Lumen\\Application->callControllerCallable(Array, Array)
#9 /home/memberpehunt/public_html/production/vendor/laravel/lumen-framework/src/Concerns/RoutesRequests.php(331): Laravel\\Lumen\\Application->callLumenController(Object(App\\Http\\Controllers\\Services\\PayoutController), 'create', Array)
#10 /home/memberpehunt/public_html/production/vendor/laravel/lumen-framework/src/Concerns/RoutesRequests.php(284): Laravel\\Lumen\\Application->callControllerAction(Array)
#11 /home/memberpehunt/public_html/production/vendor/laravel/lumen-framework/src/Concerns/RoutesRequests.php(264): Laravel\\Lumen\\Application->callActionOnArrayBasedRoute(Array)
#12 /home/memberpehunt/public_html/production/vendor/laravel/lumen-framework/src/Routing/Pipeline.php(48): Laravel\\Lumen\\Application->Laravel\\Lumen\\Concerns\\{closure}(Object(Laravel\\Lumen\\Http\\Request))
#13 /home/memberpehunt/public_html/production/app/Http/Middleware/ApiChecks.php(59): Laravel\\Lumen\\Routing\\Pipeline->Laravel\\Lumen\\Routing\\{closure}(Object(Laravel\\Lumen\\Http\\Request))
#14 /home/memberpehunt/public_html/production/vendor/illuminate/pipeline/Pipeline.php(180): App\\Http\\Middleware\\ApiChecks->handle(Object(Laravel\\Lumen\\Http\\Request), Object(Closure))
#15 /home/memberpehunt/public_html/production/vendor/laravel/lumen-framework/src/Routing/Pipeline.php(30): Illuminate\\Pipeline\\Pipeline->Illuminate\\Pipeline\\{closure}(Object(Laravel\\Lumen\\Http\\Request))
#16 /home/memberpehunt/public_html/production/vendor/illuminate/pipeline/Pipeline.php(116): Laravel\\Lumen\\Routing\\Pipeline->Laravel\\Lumen\\Routing\\{closure}(Object(Laravel\\Lumen\\Http\\Request))
#17 /home/memberpehunt/public_html/production/vendor/laravel/lumen-framework/src/Concerns/RoutesRequests.php(428): Illuminate\\Pipeline\\Pipeline->then(Object(Closure))
#18 /home/memberpehunt/public_html/production/vendor/laravel/lumen-framework/src/Concerns/RoutesRequests.php(263): Laravel\\Lumen\\Application->sendThroughPipeline(Array, Object(Closure))
#19 /home/memberpehunt/public_html/production/vendor/laravel/lumen-framework/src/Concerns/RoutesRequests.php(171): Laravel\\Lumen\\Application->handleFoundRoute(Array)
#20 /home/memberpehunt/public_html/production/vendor/laravel/lumen-framework/src/Concerns/RoutesRequests.php(431): Laravel\\Lumen\\Application->Laravel\\Lumen\\Concerns\\{closure}(Object(Laravel\\Lumen\\Http\\Request))
#21 /home/memberpehunt/public_html/production/vendor/laravel/lumen-framework/src/Concerns/RoutesRequests.php(167): Laravel\\Lumen\\Application->sendThroughPipeline(Array, Object(Closure))
#22 /home/memberpehunt/public_html/production/vendor/laravel/lumen-framework/src/Concerns/RoutesRequests.php(112): Laravel\\Lumen\\Application->dispatch(NULL)
#23 /home/memberpehunt/public_html/production/index.php(29): Laravel\\Lumen\\Application->run()
#24 {main}
"} 
[2025-08-01 23:38:25] server.ERROR: Undefined property: stdClass::$token {"exception":"[object] (ErrorException(code: 0): Undefined property: stdClass::$token at /home/memberpehunt/public_html/production/app/Http/Controllers/Services/PayoutController.php:838)
[stacktrace]
#0 /home/memberpehunt/public_html/production/vendor/laravel/lumen-framework/src/Concerns/RegistersExceptionHandlers.php(47): Laravel\\Lumen\\Application->handleError(2, 'Undefined prope...', '/home/memberpeh...', 838)
#1 /home/memberpehunt/public_html/production/app/Http/Controllers/Services/PayoutController.php(838): Laravel\\Lumen\\Application->Laravel\\Lumen\\Concerns\\{closure}(2, 'Undefined prope...', '/home/memberpeh...', 838)
#2 /home/memberpehunt/public_html/production/vendor/illuminate/container/BoundMethod.php(36): App\\Http\\Controllers\\Services\\PayoutController->create(Object(Laravel\\Lumen\\Http\\Request))
#3 /home/memberpehunt/public_html/production/vendor/illuminate/container/Util.php(41): Illuminate\\Container\\BoundMethod::Illuminate\\Container\\{closure}()
#4 /home/memberpehunt/public_html/production/vendor/illuminate/container/BoundMethod.php(93): Illuminate\\Container\\Util::unwrapIfClosure(Object(Closure))
#5 /home/memberpehunt/public_html/production/vendor/illuminate/container/BoundMethod.php(35): Illuminate\\Container\\BoundMethod::callBoundMethod(Object(Laravel\\Lumen\\Application), Array, Object(Closure))
#6 /home/memberpehunt/public_html/production/vendor/illuminate/container/Container.php(663): Illuminate\\Container\\BoundMethod::call(Object(Laravel\\Lumen\\Application), Array, Array, NULL)
#7 /home/memberpehunt/public_html/production/vendor/laravel/lumen-framework/src/Concerns/RoutesRequests.php(391): Illuminate\\Container\\Container->call(Array, Array)
#8 /home/memberpehunt/public_html/production/vendor/laravel/lumen-framework/src/Concerns/RoutesRequests.php(356): Laravel\\Lumen\\Application->callControllerCallable(Array, Array)
#9 /home/memberpehunt/public_html/production/vendor/laravel/lumen-framework/src/Concerns/RoutesRequests.php(331): Laravel\\Lumen\\Application->callLumenController(Object(App\\Http\\Controllers\\Services\\PayoutController), 'create', Array)
#10 /home/memberpehunt/public_html/production/vendor/laravel/lumen-framework/src/Concerns/RoutesRequests.php(284): Laravel\\Lumen\\Application->callControllerAction(Array)
#11 /home/memberpehunt/public_html/production/vendor/laravel/lumen-framework/src/Concerns/RoutesRequests.php(264): Laravel\\Lumen\\Application->callActionOnArrayBasedRoute(Array)
#12 /home/memberpehunt/public_html/production/vendor/laravel/lumen-framework/src/Routing/Pipeline.php(48): Laravel\\Lumen\\Application->Laravel\\Lumen\\Concerns\\{closure}(Object(Laravel\\Lumen\\Http\\Request))
#13 /home/memberpehunt/public_html/production/app/Http/Middleware/ApiChecks.php(59): Laravel\\Lumen\\Routing\\Pipeline->Laravel\\Lumen\\Routing\\{closure}(Object(Laravel\\Lumen\\Http\\Request))
#14 /home/memberpehunt/public_html/production/vendor/illuminate/pipeline/Pipeline.php(180): App\\Http\\Middleware\\ApiChecks->handle(Object(Laravel\\Lumen\\Http\\Request), Object(Closure))
#15 /home/memberpehunt/public_html/production/vendor/laravel/lumen-framework/src/Routing/Pipeline.php(30): Illuminate\\Pipeline\\Pipeline->Illuminate\\Pipeline\\{closure}(Object(Laravel\\Lumen\\Http\\Request))
#16 /home/memberpehunt/public_html/production/vendor/illuminate/pipeline/Pipeline.php(116): Laravel\\Lumen\\Routing\\Pipeline->Laravel\\Lumen\\Routing\\{closure}(Object(Laravel\\Lumen\\Http\\Request))
#17 /home/memberpehunt/public_html/production/vendor/laravel/lumen-framework/src/Concerns/RoutesRequests.php(428): Illuminate\\Pipeline\\Pipeline->then(Object(Closure))
#18 /home/memberpehunt/public_html/production/vendor/laravel/lumen-framework/src/Concerns/RoutesRequests.php(263): Laravel\\Lumen\\Application->sendThroughPipeline(Array, Object(Closure))
#19 /home/memberpehunt/public_html/production/vendor/laravel/lumen-framework/src/Concerns/RoutesRequests.php(171): Laravel\\Lumen\\Application->handleFoundRoute(Array)
#20 /home/memberpehunt/public_html/production/vendor/laravel/lumen-framework/src/Concerns/RoutesRequests.php(431): Laravel\\Lumen\\Application->Laravel\\Lumen\\Concerns\\{closure}(Object(Laravel\\Lumen\\Http\\Request))
#21 /home/memberpehunt/public_html/production/vendor/laravel/lumen-framework/src/Concerns/RoutesRequests.php(167): Laravel\\Lumen\\Application->sendThroughPipeline(Array, Object(Closure))
#22 /home/memberpehunt/public_html/production/vendor/laravel/lumen-framework/src/Concerns/RoutesRequests.php(112): Laravel\\Lumen\\Application->dispatch(NULL)
#23 /home/memberpehunt/public_html/production/index.php(29): Laravel\\Lumen\\Application->run()
#24 {main}
"} 
