[2025-07-18 18:51:47] server.ERROR: SQLSTATE[HY000] [2002] Connection timed out (SQL: select * from `api_credentials` where `api_key` = 5k213UiIRj0ppUAyHyIxXRgKAtvTq0cL0xUCO0xC limit 1) {"exception":"[object] (Illuminate\\Database\\QueryException(code: 2002): SQLSTATE[HY000] [2002] Connection timed out (SQL: select * from `api_credentials` where `api_key` = 5k213UiIRj0ppUAyHyIxXRgKAtvTq0cL0xUCO0xC limit 1) at /home/memberpehunt/public_html/production/vendor/illuminate/database/Connection.php:760)
[stacktrace]
#0 /home/memberpehunt/public_html/production/vendor/illuminate/database/Connection.php(899): Illuminate\\Database\\Connection->runQueryCallback('select * from `...', Array, Object(Closure))
#1 /home/memberpehunt/public_html/production/vendor/illuminate/database/Connection.php(878): Illuminate\\Database\\Connection->tryAgainIfCausedByLostConnection(Object(Illuminate\\Database\\QueryException), 'select * from `...', Array, Object(Closure))
#2 /home/memberpehunt/public_html/production/vendor/illuminate/database/Connection.php(722): Illuminate\\Database\\Connection->handleQueryException(Object(Illuminate\\Database\\QueryException), 'select * from `...', Array, Object(Closure))
#3 /home/memberpehunt/public_html/production/vendor/illuminate/database/Connection.php(405): Illuminate\\Database\\Connection->run('select * from `...', Array, Object(Closure))
#4 /home/memberpehunt/public_html/production/vendor/illuminate/database/Query/Builder.php(2655): Illuminate\\Database\\Connection->select('select * from `...', Array, true)
#5 /home/memberpehunt/public_html/production/vendor/illuminate/database/Query/Builder.php(2644): Illuminate\\Database\\Query\\Builder->runSelect()
#6 /home/memberpehunt/public_html/production/vendor/illuminate/database/Query/Builder.php(3180): Illuminate\\Database\\Query\\Builder->Illuminate\\Database\\Query\\{closure}()
#7 /home/memberpehunt/public_html/production/vendor/illuminate/database/Query/Builder.php(2643): Illuminate\\Database\\Query\\Builder->onceWithColumns(Array, Object(Closure))
#8 /home/memberpehunt/public_html/production/vendor/illuminate/database/Concerns/BuildsQueries.php(296): Illuminate\\Database\\Query\\Builder->get(Array)
#9 /home/memberpehunt/public_html/production/app/Http/Middleware/ApiChecks.php(28): Illuminate\\Database\\Query\\Builder->first()
#10 /home/memberpehunt/public_html/production/vendor/illuminate/pipeline/Pipeline.php(180): App\\Http\\Middleware\\ApiChecks->handle(Object(Laravel\\Lumen\\Http\\Request), Object(Closure))
#11 /home/memberpehunt/public_html/production/vendor/laravel/lumen-framework/src/Routing/Pipeline.php(30): Illuminate\\Pipeline\\Pipeline->Illuminate\\Pipeline\\{closure}(Object(Laravel\\Lumen\\Http\\Request))
#12 /home/memberpehunt/public_html/production/vendor/illuminate/pipeline/Pipeline.php(116): Laravel\\Lumen\\Routing\\Pipeline->Laravel\\Lumen\\Routing\\{closure}(Object(Laravel\\Lumen\\Http\\Request))
#13 /home/memberpehunt/public_html/production/vendor/laravel/lumen-framework/src/Concerns/RoutesRequests.php(428): Illuminate\\Pipeline\\Pipeline->then(Object(Closure))
#14 /home/memberpehunt/public_html/production/vendor/laravel/lumen-framework/src/Concerns/RoutesRequests.php(263): Laravel\\Lumen\\Application->sendThroughPipeline(Array, Object(Closure))
#15 /home/memberpehunt/public_html/production/vendor/laravel/lumen-framework/src/Concerns/RoutesRequests.php(171): Laravel\\Lumen\\Application->handleFoundRoute(Array)
#16 /home/memberpehunt/public_html/production/vendor/laravel/lumen-framework/src/Concerns/RoutesRequests.php(431): Laravel\\Lumen\\Application->Laravel\\Lumen\\Concerns\\{closure}(Object(Laravel\\Lumen\\Http\\Request))
#17 /home/memberpehunt/public_html/production/vendor/laravel/lumen-framework/src/Concerns/RoutesRequests.php(167): Laravel\\Lumen\\Application->sendThroughPipeline(Array, Object(Closure))
#18 /home/memberpehunt/public_html/production/vendor/laravel/lumen-framework/src/Concerns/RoutesRequests.php(112): Laravel\\Lumen\\Application->dispatch(NULL)
#19 /home/memberpehunt/public_html/production/index.php(29): Laravel\\Lumen\\Application->run()
#20 {main}

[previous exception] [object] (PDOException(code: 2002): SQLSTATE[HY000] [2002] Connection timed out at /home/memberpehunt/public_html/production/vendor/illuminate/database/Connectors/Connector.php:70)
[stacktrace]
#0 /home/memberpehunt/public_html/production/vendor/illuminate/database/Connectors/Connector.php(70): PDO->__construct('mysql:host=192....', 'memberpehunt_po...', Object(SensitiveParameterValue), Array)
#1 /home/memberpehunt/public_html/production/vendor/illuminate/database/Connectors/Connector.php(100): Illuminate\\Database\\Connectors\\Connector->createPdoConnection('mysql:host=192....', 'memberpehunt_po...', 'W$Hwz^5hF-^B', Array)
#2 /home/memberpehunt/public_html/production/vendor/illuminate/database/Connectors/Connector.php(49): Illuminate\\Database\\Connectors\\Connector->tryAgainIfCausedByLostConnection(Object(PDOException), 'mysql:host=192....', 'memberpehunt_po...', 'W$Hwz^5hF-^B', Array)
#3 /home/memberpehunt/public_html/production/vendor/illuminate/database/Connectors/MySqlConnector.php(24): Illuminate\\Database\\Connectors\\Connector->createConnection('mysql:host=192....', Array, Array)
#4 /home/memberpehunt/public_html/production/vendor/illuminate/database/Connectors/ConnectionFactory.php(184): Illuminate\\Database\\Connectors\\MySqlConnector->connect(Array)
#5 [internal function]: Illuminate\\Database\\Connectors\\ConnectionFactory->Illuminate\\Database\\Connectors\\{closure}()
#6 /home/memberpehunt/public_html/production/vendor/illuminate/database/Connection.php(1181): call_user_func(Object(Closure))
#7 /home/memberpehunt/public_html/production/vendor/illuminate/database/Connection.php(1217): Illuminate\\Database\\Connection->getPdo()
#8 /home/memberpehunt/public_html/production/vendor/illuminate/database/Connection.php(486): Illuminate\\Database\\Connection->getReadPdo()
#9 /home/memberpehunt/public_html/production/vendor/illuminate/database/Connection.php(414): Illuminate\\Database\\Connection->getPdoForSelect(true)
#10 /home/memberpehunt/public_html/production/vendor/illuminate/database/Connection.php(753): Illuminate\\Database\\Connection->Illuminate\\Database\\{closure}('select * from `...', Array)
#11 /home/memberpehunt/public_html/production/vendor/illuminate/database/Connection.php(899): Illuminate\\Database\\Connection->runQueryCallback('select * from `...', Array, Object(Closure))
#12 /home/memberpehunt/public_html/production/vendor/illuminate/database/Connection.php(878): Illuminate\\Database\\Connection->tryAgainIfCausedByLostConnection(Object(Illuminate\\Database\\QueryException), 'select * from `...', Array, Object(Closure))
#13 /home/memberpehunt/public_html/production/vendor/illuminate/database/Connection.php(722): Illuminate\\Database\\Connection->handleQueryException(Object(Illuminate\\Database\\QueryException), 'select * from `...', Array, Object(Closure))
#14 /home/memberpehunt/public_html/production/vendor/illuminate/database/Connection.php(405): Illuminate\\Database\\Connection->run('select * from `...', Array, Object(Closure))
#15 /home/memberpehunt/public_html/production/vendor/illuminate/database/Query/Builder.php(2655): Illuminate\\Database\\Connection->select('select * from `...', Array, true)
#16 /home/memberpehunt/public_html/production/vendor/illuminate/database/Query/Builder.php(2644): Illuminate\\Database\\Query\\Builder->runSelect()
#17 /home/memberpehunt/public_html/production/vendor/illuminate/database/Query/Builder.php(3180): Illuminate\\Database\\Query\\Builder->Illuminate\\Database\\Query\\{closure}()
#18 /home/memberpehunt/public_html/production/vendor/illuminate/database/Query/Builder.php(2643): Illuminate\\Database\\Query\\Builder->onceWithColumns(Array, Object(Closure))
#19 /home/memberpehunt/public_html/production/vendor/illuminate/database/Concerns/BuildsQueries.php(296): Illuminate\\Database\\Query\\Builder->get(Array)
#20 /home/memberpehunt/public_html/production/app/Http/Middleware/ApiChecks.php(28): Illuminate\\Database\\Query\\Builder->first()
#21 /home/memberpehunt/public_html/production/vendor/illuminate/pipeline/Pipeline.php(180): App\\Http\\Middleware\\ApiChecks->handle(Object(Laravel\\Lumen\\Http\\Request), Object(Closure))
#22 /home/memberpehunt/public_html/production/vendor/laravel/lumen-framework/src/Routing/Pipeline.php(30): Illuminate\\Pipeline\\Pipeline->Illuminate\\Pipeline\\{closure}(Object(Laravel\\Lumen\\Http\\Request))
#23 /home/memberpehunt/public_html/production/vendor/illuminate/pipeline/Pipeline.php(116): Laravel\\Lumen\\Routing\\Pipeline->Laravel\\Lumen\\Routing\\{closure}(Object(Laravel\\Lumen\\Http\\Request))
#24 /home/memberpehunt/public_html/production/vendor/laravel/lumen-framework/src/Concerns/RoutesRequests.php(428): Illuminate\\Pipeline\\Pipeline->then(Object(Closure))
#25 /home/memberpehunt/public_html/production/vendor/laravel/lumen-framework/src/Concerns/RoutesRequests.php(263): Laravel\\Lumen\\Application->sendThroughPipeline(Array, Object(Closure))
#26 /home/memberpehunt/public_html/production/vendor/laravel/lumen-framework/src/Concerns/RoutesRequests.php(171): Laravel\\Lumen\\Application->handleFoundRoute(Array)
#27 /home/memberpehunt/public_html/production/vendor/laravel/lumen-framework/src/Concerns/RoutesRequests.php(431): Laravel\\Lumen\\Application->Laravel\\Lumen\\Concerns\\{closure}(Object(Laravel\\Lumen\\Http\\Request))
#28 /home/memberpehunt/public_html/production/vendor/laravel/lumen-framework/src/Concerns/RoutesRequests.php(167): Laravel\\Lumen\\Application->sendThroughPipeline(Array, Object(Closure))
#29 /home/memberpehunt/public_html/production/vendor/laravel/lumen-framework/src/Concerns/RoutesRequests.php(112): Laravel\\Lumen\\Application->dispatch(NULL)
#30 /home/memberpehunt/public_html/production/index.php(29): Laravel\\Lumen\\Application->run()
#31 {main}
"} 
[2025-07-18 18:51:48] server.ERROR: SQLSTATE[HY000] [2002] Connection refused (SQL: select * from `api_credentials` where `api_key` = 5k213UiIRj0ppUAyHyIxXRgKAtvTq0cL0xUCO0xC limit 1) {"exception":"[object] (Illuminate\\Database\\QueryException(code: 2002): SQLSTATE[HY000] [2002] Connection refused (SQL: select * from `api_credentials` where `api_key` = 5k213UiIRj0ppUAyHyIxXRgKAtvTq0cL0xUCO0xC limit 1) at /home/memberpehunt/public_html/production/vendor/illuminate/database/Connection.php:760)
[stacktrace]
#0 /home/memberpehunt/public_html/production/vendor/illuminate/database/Connection.php(899): Illuminate\\Database\\Connection->runQueryCallback('select * from `...', Array, Object(Closure))
#1 /home/memberpehunt/public_html/production/vendor/illuminate/database/Connection.php(878): Illuminate\\Database\\Connection->tryAgainIfCausedByLostConnection(Object(Illuminate\\Database\\QueryException), 'select * from `...', Array, Object(Closure))
#2 /home/memberpehunt/public_html/production/vendor/illuminate/database/Connection.php(722): Illuminate\\Database\\Connection->handleQueryException(Object(Illuminate\\Database\\QueryException), 'select * from `...', Array, Object(Closure))
#3 /home/memberpehunt/public_html/production/vendor/illuminate/database/Connection.php(405): Illuminate\\Database\\Connection->run('select * from `...', Array, Object(Closure))
#4 /home/memberpehunt/public_html/production/vendor/illuminate/database/Query/Builder.php(2655): Illuminate\\Database\\Connection->select('select * from `...', Array, true)
#5 /home/memberpehunt/public_html/production/vendor/illuminate/database/Query/Builder.php(2644): Illuminate\\Database\\Query\\Builder->runSelect()
#6 /home/memberpehunt/public_html/production/vendor/illuminate/database/Query/Builder.php(3180): Illuminate\\Database\\Query\\Builder->Illuminate\\Database\\Query\\{closure}()
#7 /home/memberpehunt/public_html/production/vendor/illuminate/database/Query/Builder.php(2643): Illuminate\\Database\\Query\\Builder->onceWithColumns(Array, Object(Closure))
#8 /home/memberpehunt/public_html/production/vendor/illuminate/database/Concerns/BuildsQueries.php(296): Illuminate\\Database\\Query\\Builder->get(Array)
#9 /home/memberpehunt/public_html/production/app/Http/Middleware/ApiChecks.php(28): Illuminate\\Database\\Query\\Builder->first()
#10 /home/memberpehunt/public_html/production/vendor/illuminate/pipeline/Pipeline.php(180): App\\Http\\Middleware\\ApiChecks->handle(Object(Laravel\\Lumen\\Http\\Request), Object(Closure))
#11 /home/memberpehunt/public_html/production/vendor/laravel/lumen-framework/src/Routing/Pipeline.php(30): Illuminate\\Pipeline\\Pipeline->Illuminate\\Pipeline\\{closure}(Object(Laravel\\Lumen\\Http\\Request))
#12 /home/memberpehunt/public_html/production/vendor/illuminate/pipeline/Pipeline.php(116): Laravel\\Lumen\\Routing\\Pipeline->Laravel\\Lumen\\Routing\\{closure}(Object(Laravel\\Lumen\\Http\\Request))
#13 /home/memberpehunt/public_html/production/vendor/laravel/lumen-framework/src/Concerns/RoutesRequests.php(428): Illuminate\\Pipeline\\Pipeline->then(Object(Closure))
#14 /home/memberpehunt/public_html/production/vendor/laravel/lumen-framework/src/Concerns/RoutesRequests.php(263): Laravel\\Lumen\\Application->sendThroughPipeline(Array, Object(Closure))
#15 /home/memberpehunt/public_html/production/vendor/laravel/lumen-framework/src/Concerns/RoutesRequests.php(171): Laravel\\Lumen\\Application->handleFoundRoute(Array)
#16 /home/memberpehunt/public_html/production/vendor/laravel/lumen-framework/src/Concerns/RoutesRequests.php(431): Laravel\\Lumen\\Application->Laravel\\Lumen\\Concerns\\{closure}(Object(Laravel\\Lumen\\Http\\Request))
#17 /home/memberpehunt/public_html/production/vendor/laravel/lumen-framework/src/Concerns/RoutesRequests.php(167): Laravel\\Lumen\\Application->sendThroughPipeline(Array, Object(Closure))
#18 /home/memberpehunt/public_html/production/vendor/laravel/lumen-framework/src/Concerns/RoutesRequests.php(112): Laravel\\Lumen\\Application->dispatch(NULL)
#19 /home/memberpehunt/public_html/production/index.php(29): Laravel\\Lumen\\Application->run()
#20 {main}

[previous exception] [object] (PDOException(code: 2002): SQLSTATE[HY000] [2002] Connection refused at /home/memberpehunt/public_html/production/vendor/illuminate/database/Connectors/Connector.php:70)
[stacktrace]
#0 /home/memberpehunt/public_html/production/vendor/illuminate/database/Connectors/Connector.php(70): PDO->__construct('mysql:host=192....', 'memberpehunt_po...', Object(SensitiveParameterValue), Array)
#1 /home/memberpehunt/public_html/production/vendor/illuminate/database/Connectors/Connector.php(100): Illuminate\\Database\\Connectors\\Connector->createPdoConnection('mysql:host=192....', 'memberpehunt_po...', 'W$Hwz^5hF-^B', Array)
#2 /home/memberpehunt/public_html/production/vendor/illuminate/database/Connectors/Connector.php(49): Illuminate\\Database\\Connectors\\Connector->tryAgainIfCausedByLostConnection(Object(PDOException), 'mysql:host=192....', 'memberpehunt_po...', 'W$Hwz^5hF-^B', Array)
#3 /home/memberpehunt/public_html/production/vendor/illuminate/database/Connectors/MySqlConnector.php(24): Illuminate\\Database\\Connectors\\Connector->createConnection('mysql:host=192....', Array, Array)
#4 /home/memberpehunt/public_html/production/vendor/illuminate/database/Connectors/ConnectionFactory.php(184): Illuminate\\Database\\Connectors\\MySqlConnector->connect(Array)
#5 [internal function]: Illuminate\\Database\\Connectors\\ConnectionFactory->Illuminate\\Database\\Connectors\\{closure}()
#6 /home/memberpehunt/public_html/production/vendor/illuminate/database/Connection.php(1181): call_user_func(Object(Closure))
#7 /home/memberpehunt/public_html/production/vendor/illuminate/database/Connection.php(1217): Illuminate\\Database\\Connection->getPdo()
#8 /home/memberpehunt/public_html/production/vendor/illuminate/database/Connection.php(486): Illuminate\\Database\\Connection->getReadPdo()
#9 /home/memberpehunt/public_html/production/vendor/illuminate/database/Connection.php(414): Illuminate\\Database\\Connection->getPdoForSelect(true)
#10 /home/memberpehunt/public_html/production/vendor/illuminate/database/Connection.php(753): Illuminate\\Database\\Connection->Illuminate\\Database\\{closure}('select * from `...', Array)
#11 /home/memberpehunt/public_html/production/vendor/illuminate/database/Connection.php(899): Illuminate\\Database\\Connection->runQueryCallback('select * from `...', Array, Object(Closure))
#12 /home/memberpehunt/public_html/production/vendor/illuminate/database/Connection.php(878): Illuminate\\Database\\Connection->tryAgainIfCausedByLostConnection(Object(Illuminate\\Database\\QueryException), 'select * from `...', Array, Object(Closure))
#13 /home/memberpehunt/public_html/production/vendor/illuminate/database/Connection.php(722): Illuminate\\Database\\Connection->handleQueryException(Object(Illuminate\\Database\\QueryException), 'select * from `...', Array, Object(Closure))
#14 /home/memberpehunt/public_html/production/vendor/illuminate/database/Connection.php(405): Illuminate\\Database\\Connection->run('select * from `...', Array, Object(Closure))
#15 /home/memberpehunt/public_html/production/vendor/illuminate/database/Query/Builder.php(2655): Illuminate\\Database\\Connection->select('select * from `...', Array, true)
#16 /home/memberpehunt/public_html/production/vendor/illuminate/database/Query/Builder.php(2644): Illuminate\\Database\\Query\\Builder->runSelect()
#17 /home/memberpehunt/public_html/production/vendor/illuminate/database/Query/Builder.php(3180): Illuminate\\Database\\Query\\Builder->Illuminate\\Database\\Query\\{closure}()
#18 /home/memberpehunt/public_html/production/vendor/illuminate/database/Query/Builder.php(2643): Illuminate\\Database\\Query\\Builder->onceWithColumns(Array, Object(Closure))
#19 /home/memberpehunt/public_html/production/vendor/illuminate/database/Concerns/BuildsQueries.php(296): Illuminate\\Database\\Query\\Builder->get(Array)
#20 /home/memberpehunt/public_html/production/app/Http/Middleware/ApiChecks.php(28): Illuminate\\Database\\Query\\Builder->first()
#21 /home/memberpehunt/public_html/production/vendor/illuminate/pipeline/Pipeline.php(180): App\\Http\\Middleware\\ApiChecks->handle(Object(Laravel\\Lumen\\Http\\Request), Object(Closure))
#22 /home/memberpehunt/public_html/production/vendor/laravel/lumen-framework/src/Routing/Pipeline.php(30): Illuminate\\Pipeline\\Pipeline->Illuminate\\Pipeline\\{closure}(Object(Laravel\\Lumen\\Http\\Request))
#23 /home/memberpehunt/public_html/production/vendor/illuminate/pipeline/Pipeline.php(116): Laravel\\Lumen\\Routing\\Pipeline->Laravel\\Lumen\\Routing\\{closure}(Object(Laravel\\Lumen\\Http\\Request))
#24 /home/memberpehunt/public_html/production/vendor/laravel/lumen-framework/src/Concerns/RoutesRequests.php(428): Illuminate\\Pipeline\\Pipeline->then(Object(Closure))
#25 /home/memberpehunt/public_html/production/vendor/laravel/lumen-framework/src/Concerns/RoutesRequests.php(263): Laravel\\Lumen\\Application->sendThroughPipeline(Array, Object(Closure))
#26 /home/memberpehunt/public_html/production/vendor/laravel/lumen-framework/src/Concerns/RoutesRequests.php(171): Laravel\\Lumen\\Application->handleFoundRoute(Array)
#27 /home/memberpehunt/public_html/production/vendor/laravel/lumen-framework/src/Concerns/RoutesRequests.php(431): Laravel\\Lumen\\Application->Laravel\\Lumen\\Concerns\\{closure}(Object(Laravel\\Lumen\\Http\\Request))
#28 /home/memberpehunt/public_html/production/vendor/laravel/lumen-framework/src/Concerns/RoutesRequests.php(167): Laravel\\Lumen\\Application->sendThroughPipeline(Array, Object(Closure))
#29 /home/memberpehunt/public_html/production/vendor/laravel/lumen-framework/src/Concerns/RoutesRequests.php(112): Laravel\\Lumen\\Application->dispatch(NULL)
#30 /home/memberpehunt/public_html/production/index.php(29): Laravel\\Lumen\\Application->run()
#31 {main}
"} 
[2025-07-18 18:51:54] server.ERROR: SQLSTATE[HY000] [2002] Connection timed out (SQL: select * from `api_credentials` where `api_key` = 5k213UiIRj0ppUAyHyIxXRgKAtvTq0cL0xUCO0xC limit 1) {"exception":"[object] (Illuminate\\Database\\QueryException(code: 2002): SQLSTATE[HY000] [2002] Connection timed out (SQL: select * from `api_credentials` where `api_key` = 5k213UiIRj0ppUAyHyIxXRgKAtvTq0cL0xUCO0xC limit 1) at /home/memberpehunt/public_html/production/vendor/illuminate/database/Connection.php:760)
[stacktrace]
#0 /home/memberpehunt/public_html/production/vendor/illuminate/database/Connection.php(899): Illuminate\\Database\\Connection->runQueryCallback('select * from `...', Array, Object(Closure))
#1 /home/memberpehunt/public_html/production/vendor/illuminate/database/Connection.php(878): Illuminate\\Database\\Connection->tryAgainIfCausedByLostConnection(Object(Illuminate\\Database\\QueryException), 'select * from `...', Array, Object(Closure))
#2 /home/memberpehunt/public_html/production/vendor/illuminate/database/Connection.php(722): Illuminate\\Database\\Connection->handleQueryException(Object(Illuminate\\Database\\QueryException), 'select * from `...', Array, Object(Closure))
#3 /home/memberpehunt/public_html/production/vendor/illuminate/database/Connection.php(405): Illuminate\\Database\\Connection->run('select * from `...', Array, Object(Closure))
#4 /home/memberpehunt/public_html/production/vendor/illuminate/database/Query/Builder.php(2655): Illuminate\\Database\\Connection->select('select * from `...', Array, true)
#5 /home/memberpehunt/public_html/production/vendor/illuminate/database/Query/Builder.php(2644): Illuminate\\Database\\Query\\Builder->runSelect()
#6 /home/memberpehunt/public_html/production/vendor/illuminate/database/Query/Builder.php(3180): Illuminate\\Database\\Query\\Builder->Illuminate\\Database\\Query\\{closure}()
#7 /home/memberpehunt/public_html/production/vendor/illuminate/database/Query/Builder.php(2643): Illuminate\\Database\\Query\\Builder->onceWithColumns(Array, Object(Closure))
#8 /home/memberpehunt/public_html/production/vendor/illuminate/database/Concerns/BuildsQueries.php(296): Illuminate\\Database\\Query\\Builder->get(Array)
#9 /home/memberpehunt/public_html/production/app/Http/Middleware/ApiChecks.php(28): Illuminate\\Database\\Query\\Builder->first()
#10 /home/memberpehunt/public_html/production/vendor/illuminate/pipeline/Pipeline.php(180): App\\Http\\Middleware\\ApiChecks->handle(Object(Laravel\\Lumen\\Http\\Request), Object(Closure))
#11 /home/memberpehunt/public_html/production/vendor/laravel/lumen-framework/src/Routing/Pipeline.php(30): Illuminate\\Pipeline\\Pipeline->Illuminate\\Pipeline\\{closure}(Object(Laravel\\Lumen\\Http\\Request))
#12 /home/memberpehunt/public_html/production/vendor/illuminate/pipeline/Pipeline.php(116): Laravel\\Lumen\\Routing\\Pipeline->Laravel\\Lumen\\Routing\\{closure}(Object(Laravel\\Lumen\\Http\\Request))
#13 /home/memberpehunt/public_html/production/vendor/laravel/lumen-framework/src/Concerns/RoutesRequests.php(428): Illuminate\\Pipeline\\Pipeline->then(Object(Closure))
#14 /home/memberpehunt/public_html/production/vendor/laravel/lumen-framework/src/Concerns/RoutesRequests.php(263): Laravel\\Lumen\\Application->sendThroughPipeline(Array, Object(Closure))
#15 /home/memberpehunt/public_html/production/vendor/laravel/lumen-framework/src/Concerns/RoutesRequests.php(171): Laravel\\Lumen\\Application->handleFoundRoute(Array)
#16 /home/memberpehunt/public_html/production/vendor/laravel/lumen-framework/src/Concerns/RoutesRequests.php(431): Laravel\\Lumen\\Application->Laravel\\Lumen\\Concerns\\{closure}(Object(Laravel\\Lumen\\Http\\Request))
#17 /home/memberpehunt/public_html/production/vendor/laravel/lumen-framework/src/Concerns/RoutesRequests.php(167): Laravel\\Lumen\\Application->sendThroughPipeline(Array, Object(Closure))
#18 /home/memberpehunt/public_html/production/vendor/laravel/lumen-framework/src/Concerns/RoutesRequests.php(112): Laravel\\Lumen\\Application->dispatch(NULL)
#19 /home/memberpehunt/public_html/production/index.php(29): Laravel\\Lumen\\Application->run()
#20 {main}

[previous exception] [object] (PDOException(code: 2002): SQLSTATE[HY000] [2002] Connection timed out at /home/memberpehunt/public_html/production/vendor/illuminate/database/Connectors/Connector.php:70)
[stacktrace]
#0 /home/memberpehunt/public_html/production/vendor/illuminate/database/Connectors/Connector.php(70): PDO->__construct('mysql:host=192....', 'memberpehunt_po...', Object(SensitiveParameterValue), Array)
#1 /home/memberpehunt/public_html/production/vendor/illuminate/database/Connectors/Connector.php(100): Illuminate\\Database\\Connectors\\Connector->createPdoConnection('mysql:host=192....', 'memberpehunt_po...', 'W$Hwz^5hF-^B', Array)
#2 /home/memberpehunt/public_html/production/vendor/illuminate/database/Connectors/Connector.php(49): Illuminate\\Database\\Connectors\\Connector->tryAgainIfCausedByLostConnection(Object(PDOException), 'mysql:host=192....', 'memberpehunt_po...', 'W$Hwz^5hF-^B', Array)
#3 /home/memberpehunt/public_html/production/vendor/illuminate/database/Connectors/MySqlConnector.php(24): Illuminate\\Database\\Connectors\\Connector->createConnection('mysql:host=192....', Array, Array)
#4 /home/memberpehunt/public_html/production/vendor/illuminate/database/Connectors/ConnectionFactory.php(184): Illuminate\\Database\\Connectors\\MySqlConnector->connect(Array)
#5 [internal function]: Illuminate\\Database\\Connectors\\ConnectionFactory->Illuminate\\Database\\Connectors\\{closure}()
#6 /home/memberpehunt/public_html/production/vendor/illuminate/database/Connection.php(1181): call_user_func(Object(Closure))
#7 /home/memberpehunt/public_html/production/vendor/illuminate/database/Connection.php(1217): Illuminate\\Database\\Connection->getPdo()
#8 /home/memberpehunt/public_html/production/vendor/illuminate/database/Connection.php(486): Illuminate\\Database\\Connection->getReadPdo()
#9 /home/memberpehunt/public_html/production/vendor/illuminate/database/Connection.php(414): Illuminate\\Database\\Connection->getPdoForSelect(true)
#10 /home/memberpehunt/public_html/production/vendor/illuminate/database/Connection.php(753): Illuminate\\Database\\Connection->Illuminate\\Database\\{closure}('select * from `...', Array)
#11 /home/memberpehunt/public_html/production/vendor/illuminate/database/Connection.php(899): Illuminate\\Database\\Connection->runQueryCallback('select * from `...', Array, Object(Closure))
#12 /home/memberpehunt/public_html/production/vendor/illuminate/database/Connection.php(878): Illuminate\\Database\\Connection->tryAgainIfCausedByLostConnection(Object(Illuminate\\Database\\QueryException), 'select * from `...', Array, Object(Closure))
#13 /home/memberpehunt/public_html/production/vendor/illuminate/database/Connection.php(722): Illuminate\\Database\\Connection->handleQueryException(Object(Illuminate\\Database\\QueryException), 'select * from `...', Array, Object(Closure))
#14 /home/memberpehunt/public_html/production/vendor/illuminate/database/Connection.php(405): Illuminate\\Database\\Connection->run('select * from `...', Array, Object(Closure))
#15 /home/memberpehunt/public_html/production/vendor/illuminate/database/Query/Builder.php(2655): Illuminate\\Database\\Connection->select('select * from `...', Array, true)
#16 /home/memberpehunt/public_html/production/vendor/illuminate/database/Query/Builder.php(2644): Illuminate\\Database\\Query\\Builder->runSelect()
#17 /home/memberpehunt/public_html/production/vendor/illuminate/database/Query/Builder.php(3180): Illuminate\\Database\\Query\\Builder->Illuminate\\Database\\Query\\{closure}()
#18 /home/memberpehunt/public_html/production/vendor/illuminate/database/Query/Builder.php(2643): Illuminate\\Database\\Query\\Builder->onceWithColumns(Array, Object(Closure))
#19 /home/memberpehunt/public_html/production/vendor/illuminate/database/Concerns/BuildsQueries.php(296): Illuminate\\Database\\Query\\Builder->get(Array)
#20 /home/memberpehunt/public_html/production/app/Http/Middleware/ApiChecks.php(28): Illuminate\\Database\\Query\\Builder->first()
#21 /home/memberpehunt/public_html/production/vendor/illuminate/pipeline/Pipeline.php(180): App\\Http\\Middleware\\ApiChecks->handle(Object(Laravel\\Lumen\\Http\\Request), Object(Closure))
#22 /home/memberpehunt/public_html/production/vendor/laravel/lumen-framework/src/Routing/Pipeline.php(30): Illuminate\\Pipeline\\Pipeline->Illuminate\\Pipeline\\{closure}(Object(Laravel\\Lumen\\Http\\Request))
#23 /home/memberpehunt/public_html/production/vendor/illuminate/pipeline/Pipeline.php(116): Laravel\\Lumen\\Routing\\Pipeline->Laravel\\Lumen\\Routing\\{closure}(Object(Laravel\\Lumen\\Http\\Request))
#24 /home/memberpehunt/public_html/production/vendor/laravel/lumen-framework/src/Concerns/RoutesRequests.php(428): Illuminate\\Pipeline\\Pipeline->then(Object(Closure))
#25 /home/memberpehunt/public_html/production/vendor/laravel/lumen-framework/src/Concerns/RoutesRequests.php(263): Laravel\\Lumen\\Application->sendThroughPipeline(Array, Object(Closure))
#26 /home/memberpehunt/public_html/production/vendor/laravel/lumen-framework/src/Concerns/RoutesRequests.php(171): Laravel\\Lumen\\Application->handleFoundRoute(Array)
#27 /home/memberpehunt/public_html/production/vendor/laravel/lumen-framework/src/Concerns/RoutesRequests.php(431): Laravel\\Lumen\\Application->Laravel\\Lumen\\Concerns\\{closure}(Object(Laravel\\Lumen\\Http\\Request))
#28 /home/memberpehunt/public_html/production/vendor/laravel/lumen-framework/src/Concerns/RoutesRequests.php(167): Laravel\\Lumen\\Application->sendThroughPipeline(Array, Object(Closure))
#29 /home/memberpehunt/public_html/production/vendor/laravel/lumen-framework/src/Concerns/RoutesRequests.php(112): Laravel\\Lumen\\Application->dispatch(NULL)
#30 /home/memberpehunt/public_html/production/index.php(29): Laravel\\Lumen\\Application->run()
#31 {main}
"} 
