[2025-06-26 07:15:28] server.ERROR: Undefined property: stdClass::$transaction_id {"exception":"[object] (ErrorException(code: 0): Undefined property: stdClass::$transaction_id at /home/memberpehunt/public_html/production/app/Http/Controllers/Services/PayoutController.php:2399)
[stacktrace]
#0 /home/memberpehunt/public_html/production/vendor/laravel/lumen-framework/src/Concerns/RegistersExceptionHandlers.php(47): Laravel\\Lumen\\Application->handleError(2, 'Undefined prope...', '/home/memberpeh...', 2399)
#1 /home/memberpehunt/public_html/production/app/Http/Controllers/Services/PayoutController.php(2399): Laravel\\Lumen\\Application->Laravel\\Lumen\\Concerns\\{closure}(2, 'Undefined prope...', '/home/memberpeh...', 2399)
#2 /home/memberpehunt/public_html/production/vendor/illuminate/container/BoundMethod.php(36): App\\Http\\Controllers\\Services\\PayoutController->webhook(Object(Laravel\\Lumen\\Http\\Request), 'groscope')
#3 /home/memberpehunt/public_html/production/vendor/illuminate/container/Util.php(41): Illuminate\\Container\\BoundMethod::Illuminate\\Container\\{closure}()
#4 /home/memberpehunt/public_html/production/vendor/illuminate/container/BoundMethod.php(93): Illuminate\\Container\\Util::unwrapIfClosure(Object(Closure))
#5 /home/memberpehunt/public_html/production/vendor/illuminate/container/BoundMethod.php(35): Illuminate\\Container\\BoundMethod::callBoundMethod(Object(Laravel\\Lumen\\Application), Array, Object(Closure))
#6 /home/memberpehunt/public_html/production/vendor/illuminate/container/Container.php(663): Illuminate\\Container\\BoundMethod::call(Object(Laravel\\Lumen\\Application), Array, Array, NULL)
#7 /home/memberpehunt/public_html/production/vendor/laravel/lumen-framework/src/Concerns/RoutesRequests.php(391): Illuminate\\Container\\Container->call(Array, Array)
#8 /home/memberpehunt/public_html/production/vendor/laravel/lumen-framework/src/Concerns/RoutesRequests.php(356): Laravel\\Lumen\\Application->callControllerCallable(Array, Array)
#9 /home/memberpehunt/public_html/production/vendor/laravel/lumen-framework/src/Concerns/RoutesRequests.php(331): Laravel\\Lumen\\Application->callLumenController(Object(App\\Http\\Controllers\\Services\\PayoutController), 'webhook', Array)
#10 /home/memberpehunt/public_html/production/vendor/laravel/lumen-framework/src/Concerns/RoutesRequests.php(284): Laravel\\Lumen\\Application->callControllerAction(Array)
#11 /home/memberpehunt/public_html/production/vendor/laravel/lumen-framework/src/Concerns/RoutesRequests.php(269): Laravel\\Lumen\\Application->callActionOnArrayBasedRoute(Array)
#12 /home/memberpehunt/public_html/production/vendor/laravel/lumen-framework/src/Concerns/RoutesRequests.php(239): Laravel\\Lumen\\Application->handleFoundRoute(Array)
#13 /home/memberpehunt/public_html/production/vendor/laravel/lumen-framework/src/Concerns/RoutesRequests.php(174): Laravel\\Lumen\\Application->handleDispatcherResponse(Array)
#14 /home/memberpehunt/public_html/production/vendor/laravel/lumen-framework/src/Concerns/RoutesRequests.php(431): Laravel\\Lumen\\Application->Laravel\\Lumen\\Concerns\\{closure}(Object(Laravel\\Lumen\\Http\\Request))
#15 /home/memberpehunt/public_html/production/vendor/laravel/lumen-framework/src/Concerns/RoutesRequests.php(167): Laravel\\Lumen\\Application->sendThroughPipeline(Array, Object(Closure))
#16 /home/memberpehunt/public_html/production/vendor/laravel/lumen-framework/src/Concerns/RoutesRequests.php(112): Laravel\\Lumen\\Application->dispatch(NULL)
#17 /home/memberpehunt/public_html/production/index.php(29): Laravel\\Lumen\\Application->run()
#18 {main}
"} 
[2025-06-26 07:15:38] server.ERROR: Undefined property: stdClass::$transaction_id {"exception":"[object] (ErrorException(code: 0): Undefined property: stdClass::$transaction_id at /home/memberpehunt/public_html/production/app/Http/Controllers/Services/PayoutController.php:2399)
[stacktrace]
#0 /home/memberpehunt/public_html/production/vendor/laravel/lumen-framework/src/Concerns/RegistersExceptionHandlers.php(47): Laravel\\Lumen\\Application->handleError(2, 'Undefined prope...', '/home/memberpeh...', 2399)
#1 /home/memberpehunt/public_html/production/app/Http/Controllers/Services/PayoutController.php(2399): Laravel\\Lumen\\Application->Laravel\\Lumen\\Concerns\\{closure}(2, 'Undefined prope...', '/home/memberpeh...', 2399)
#2 /home/memberpehunt/public_html/production/vendor/illuminate/container/BoundMethod.php(36): App\\Http\\Controllers\\Services\\PayoutController->webhook(Object(Laravel\\Lumen\\Http\\Request), 'groscope')
#3 /home/memberpehunt/public_html/production/vendor/illuminate/container/Util.php(41): Illuminate\\Container\\BoundMethod::Illuminate\\Container\\{closure}()
#4 /home/memberpehunt/public_html/production/vendor/illuminate/container/BoundMethod.php(93): Illuminate\\Container\\Util::unwrapIfClosure(Object(Closure))
#5 /home/memberpehunt/public_html/production/vendor/illuminate/container/BoundMethod.php(35): Illuminate\\Container\\BoundMethod::callBoundMethod(Object(Laravel\\Lumen\\Application), Array, Object(Closure))
#6 /home/memberpehunt/public_html/production/vendor/illuminate/container/Container.php(663): Illuminate\\Container\\BoundMethod::call(Object(Laravel\\Lumen\\Application), Array, Array, NULL)
#7 /home/memberpehunt/public_html/production/vendor/laravel/lumen-framework/src/Concerns/RoutesRequests.php(391): Illuminate\\Container\\Container->call(Array, Array)
#8 /home/memberpehunt/public_html/production/vendor/laravel/lumen-framework/src/Concerns/RoutesRequests.php(356): Laravel\\Lumen\\Application->callControllerCallable(Array, Array)
#9 /home/memberpehunt/public_html/production/vendor/laravel/lumen-framework/src/Concerns/RoutesRequests.php(331): Laravel\\Lumen\\Application->callLumenController(Object(App\\Http\\Controllers\\Services\\PayoutController), 'webhook', Array)
#10 /home/memberpehunt/public_html/production/vendor/laravel/lumen-framework/src/Concerns/RoutesRequests.php(284): Laravel\\Lumen\\Application->callControllerAction(Array)
#11 /home/memberpehunt/public_html/production/vendor/laravel/lumen-framework/src/Concerns/RoutesRequests.php(269): Laravel\\Lumen\\Application->callActionOnArrayBasedRoute(Array)
#12 /home/memberpehunt/public_html/production/vendor/laravel/lumen-framework/src/Concerns/RoutesRequests.php(239): Laravel\\Lumen\\Application->handleFoundRoute(Array)
#13 /home/memberpehunt/public_html/production/vendor/laravel/lumen-framework/src/Concerns/RoutesRequests.php(174): Laravel\\Lumen\\Application->handleDispatcherResponse(Array)
#14 /home/memberpehunt/public_html/production/vendor/laravel/lumen-framework/src/Concerns/RoutesRequests.php(431): Laravel\\Lumen\\Application->Laravel\\Lumen\\Concerns\\{closure}(Object(Laravel\\Lumen\\Http\\Request))
#15 /home/memberpehunt/public_html/production/vendor/laravel/lumen-framework/src/Concerns/RoutesRequests.php(167): Laravel\\Lumen\\Application->sendThroughPipeline(Array, Object(Closure))
#16 /home/memberpehunt/public_html/production/vendor/laravel/lumen-framework/src/Concerns/RoutesRequests.php(112): Laravel\\Lumen\\Application->dispatch(NULL)
#17 /home/memberpehunt/public_html/production/index.php(29): Laravel\\Lumen\\Application->run()
#18 {main}
"} 
[2025-06-26 07:17:18] server.ERROR: Undefined property: stdClass::$transaction_id {"exception":"[object] (ErrorException(code: 0): Undefined property: stdClass::$transaction_id at /home/memberpehunt/public_html/production/app/Http/Controllers/Services/PayoutController.php:2399)
[stacktrace]
#0 /home/memberpehunt/public_html/production/vendor/laravel/lumen-framework/src/Concerns/RegistersExceptionHandlers.php(47): Laravel\\Lumen\\Application->handleError(2, 'Undefined prope...', '/home/memberpeh...', 2399)
#1 /home/memberpehunt/public_html/production/app/Http/Controllers/Services/PayoutController.php(2399): Laravel\\Lumen\\Application->Laravel\\Lumen\\Concerns\\{closure}(2, 'Undefined prope...', '/home/memberpeh...', 2399)
#2 /home/memberpehunt/public_html/production/vendor/illuminate/container/BoundMethod.php(36): App\\Http\\Controllers\\Services\\PayoutController->webhook(Object(Laravel\\Lumen\\Http\\Request), 'groscope')
#3 /home/memberpehunt/public_html/production/vendor/illuminate/container/Util.php(41): Illuminate\\Container\\BoundMethod::Illuminate\\Container\\{closure}()
#4 /home/memberpehunt/public_html/production/vendor/illuminate/container/BoundMethod.php(93): Illuminate\\Container\\Util::unwrapIfClosure(Object(Closure))
#5 /home/memberpehunt/public_html/production/vendor/illuminate/container/BoundMethod.php(35): Illuminate\\Container\\BoundMethod::callBoundMethod(Object(Laravel\\Lumen\\Application), Array, Object(Closure))
#6 /home/memberpehunt/public_html/production/vendor/illuminate/container/Container.php(663): Illuminate\\Container\\BoundMethod::call(Object(Laravel\\Lumen\\Application), Array, Array, NULL)
#7 /home/memberpehunt/public_html/production/vendor/laravel/lumen-framework/src/Concerns/RoutesRequests.php(391): Illuminate\\Container\\Container->call(Array, Array)
#8 /home/memberpehunt/public_html/production/vendor/laravel/lumen-framework/src/Concerns/RoutesRequests.php(356): Laravel\\Lumen\\Application->callControllerCallable(Array, Array)
#9 /home/memberpehunt/public_html/production/vendor/laravel/lumen-framework/src/Concerns/RoutesRequests.php(331): Laravel\\Lumen\\Application->callLumenController(Object(App\\Http\\Controllers\\Services\\PayoutController), 'webhook', Array)
#10 /home/memberpehunt/public_html/production/vendor/laravel/lumen-framework/src/Concerns/RoutesRequests.php(284): Laravel\\Lumen\\Application->callControllerAction(Array)
#11 /home/memberpehunt/public_html/production/vendor/laravel/lumen-framework/src/Concerns/RoutesRequests.php(269): Laravel\\Lumen\\Application->callActionOnArrayBasedRoute(Array)
#12 /home/memberpehunt/public_html/production/vendor/laravel/lumen-framework/src/Concerns/RoutesRequests.php(239): Laravel\\Lumen\\Application->handleFoundRoute(Array)
#13 /home/memberpehunt/public_html/production/vendor/laravel/lumen-framework/src/Concerns/RoutesRequests.php(174): Laravel\\Lumen\\Application->handleDispatcherResponse(Array)
#14 /home/memberpehunt/public_html/production/vendor/laravel/lumen-framework/src/Concerns/RoutesRequests.php(431): Laravel\\Lumen\\Application->Laravel\\Lumen\\Concerns\\{closure}(Object(Laravel\\Lumen\\Http\\Request))
#15 /home/memberpehunt/public_html/production/vendor/laravel/lumen-framework/src/Concerns/RoutesRequests.php(167): Laravel\\Lumen\\Application->sendThroughPipeline(Array, Object(Closure))
#16 /home/memberpehunt/public_html/production/vendor/laravel/lumen-framework/src/Concerns/RoutesRequests.php(112): Laravel\\Lumen\\Application->dispatch(NULL)
#17 /home/memberpehunt/public_html/production/index.php(29): Laravel\\Lumen\\Application->run()
#18 {main}
"} 
[2025-06-26 07:21:28] server.ERROR: Undefined property: stdClass::$transaction_id {"exception":"[object] (ErrorException(code: 0): Undefined property: stdClass::$transaction_id at /home/memberpehunt/public_html/production/app/Http/Controllers/Services/PayoutController.php:2399)
[stacktrace]
#0 /home/memberpehunt/public_html/production/vendor/laravel/lumen-framework/src/Concerns/RegistersExceptionHandlers.php(47): Laravel\\Lumen\\Application->handleError(2, 'Undefined prope...', '/home/memberpeh...', 2399)
#1 /home/memberpehunt/public_html/production/app/Http/Controllers/Services/PayoutController.php(2399): Laravel\\Lumen\\Application->Laravel\\Lumen\\Concerns\\{closure}(2, 'Undefined prope...', '/home/memberpeh...', 2399)
#2 /home/memberpehunt/public_html/production/vendor/illuminate/container/BoundMethod.php(36): App\\Http\\Controllers\\Services\\PayoutController->webhook(Object(Laravel\\Lumen\\Http\\Request), 'groscope')
#3 /home/memberpehunt/public_html/production/vendor/illuminate/container/Util.php(41): Illuminate\\Container\\BoundMethod::Illuminate\\Container\\{closure}()
#4 /home/memberpehunt/public_html/production/vendor/illuminate/container/BoundMethod.php(93): Illuminate\\Container\\Util::unwrapIfClosure(Object(Closure))
#5 /home/memberpehunt/public_html/production/vendor/illuminate/container/BoundMethod.php(35): Illuminate\\Container\\BoundMethod::callBoundMethod(Object(Laravel\\Lumen\\Application), Array, Object(Closure))
#6 /home/memberpehunt/public_html/production/vendor/illuminate/container/Container.php(663): Illuminate\\Container\\BoundMethod::call(Object(Laravel\\Lumen\\Application), Array, Array, NULL)
#7 /home/memberpehunt/public_html/production/vendor/laravel/lumen-framework/src/Concerns/RoutesRequests.php(391): Illuminate\\Container\\Container->call(Array, Array)
#8 /home/memberpehunt/public_html/production/vendor/laravel/lumen-framework/src/Concerns/RoutesRequests.php(356): Laravel\\Lumen\\Application->callControllerCallable(Array, Array)
#9 /home/memberpehunt/public_html/production/vendor/laravel/lumen-framework/src/Concerns/RoutesRequests.php(331): Laravel\\Lumen\\Application->callLumenController(Object(App\\Http\\Controllers\\Services\\PayoutController), 'webhook', Array)
#10 /home/memberpehunt/public_html/production/vendor/laravel/lumen-framework/src/Concerns/RoutesRequests.php(284): Laravel\\Lumen\\Application->callControllerAction(Array)
#11 /home/memberpehunt/public_html/production/vendor/laravel/lumen-framework/src/Concerns/RoutesRequests.php(269): Laravel\\Lumen\\Application->callActionOnArrayBasedRoute(Array)
#12 /home/memberpehunt/public_html/production/vendor/laravel/lumen-framework/src/Concerns/RoutesRequests.php(239): Laravel\\Lumen\\Application->handleFoundRoute(Array)
#13 /home/memberpehunt/public_html/production/vendor/laravel/lumen-framework/src/Concerns/RoutesRequests.php(174): Laravel\\Lumen\\Application->handleDispatcherResponse(Array)
#14 /home/memberpehunt/public_html/production/vendor/laravel/lumen-framework/src/Concerns/RoutesRequests.php(431): Laravel\\Lumen\\Application->Laravel\\Lumen\\Concerns\\{closure}(Object(Laravel\\Lumen\\Http\\Request))
#15 /home/memberpehunt/public_html/production/vendor/laravel/lumen-framework/src/Concerns/RoutesRequests.php(167): Laravel\\Lumen\\Application->sendThroughPipeline(Array, Object(Closure))
#16 /home/memberpehunt/public_html/production/vendor/laravel/lumen-framework/src/Concerns/RoutesRequests.php(112): Laravel\\Lumen\\Application->dispatch(NULL)
#17 /home/memberpehunt/public_html/production/index.php(29): Laravel\\Lumen\\Application->run()
#18 {main}
"} 
[2025-06-26 07:21:38] server.ERROR: Undefined property: stdClass::$transaction_id {"exception":"[object] (ErrorException(code: 0): Undefined property: stdClass::$transaction_id at /home/memberpehunt/public_html/production/app/Http/Controllers/Services/PayoutController.php:2399)
[stacktrace]
#0 /home/memberpehunt/public_html/production/vendor/laravel/lumen-framework/src/Concerns/RegistersExceptionHandlers.php(47): Laravel\\Lumen\\Application->handleError(2, 'Undefined prope...', '/home/memberpeh...', 2399)
#1 /home/memberpehunt/public_html/production/app/Http/Controllers/Services/PayoutController.php(2399): Laravel\\Lumen\\Application->Laravel\\Lumen\\Concerns\\{closure}(2, 'Undefined prope...', '/home/memberpeh...', 2399)
#2 /home/memberpehunt/public_html/production/vendor/illuminate/container/BoundMethod.php(36): App\\Http\\Controllers\\Services\\PayoutController->webhook(Object(Laravel\\Lumen\\Http\\Request), 'groscope')
#3 /home/memberpehunt/public_html/production/vendor/illuminate/container/Util.php(41): Illuminate\\Container\\BoundMethod::Illuminate\\Container\\{closure}()
#4 /home/memberpehunt/public_html/production/vendor/illuminate/container/BoundMethod.php(93): Illuminate\\Container\\Util::unwrapIfClosure(Object(Closure))
#5 /home/memberpehunt/public_html/production/vendor/illuminate/container/BoundMethod.php(35): Illuminate\\Container\\BoundMethod::callBoundMethod(Object(Laravel\\Lumen\\Application), Array, Object(Closure))
#6 /home/memberpehunt/public_html/production/vendor/illuminate/container/Container.php(663): Illuminate\\Container\\BoundMethod::call(Object(Laravel\\Lumen\\Application), Array, Array, NULL)
#7 /home/memberpehunt/public_html/production/vendor/laravel/lumen-framework/src/Concerns/RoutesRequests.php(391): Illuminate\\Container\\Container->call(Array, Array)
#8 /home/memberpehunt/public_html/production/vendor/laravel/lumen-framework/src/Concerns/RoutesRequests.php(356): Laravel\\Lumen\\Application->callControllerCallable(Array, Array)
#9 /home/memberpehunt/public_html/production/vendor/laravel/lumen-framework/src/Concerns/RoutesRequests.php(331): Laravel\\Lumen\\Application->callLumenController(Object(App\\Http\\Controllers\\Services\\PayoutController), 'webhook', Array)
#10 /home/memberpehunt/public_html/production/vendor/laravel/lumen-framework/src/Concerns/RoutesRequests.php(284): Laravel\\Lumen\\Application->callControllerAction(Array)
#11 /home/memberpehunt/public_html/production/vendor/laravel/lumen-framework/src/Concerns/RoutesRequests.php(269): Laravel\\Lumen\\Application->callActionOnArrayBasedRoute(Array)
#12 /home/memberpehunt/public_html/production/vendor/laravel/lumen-framework/src/Concerns/RoutesRequests.php(239): Laravel\\Lumen\\Application->handleFoundRoute(Array)
#13 /home/memberpehunt/public_html/production/vendor/laravel/lumen-framework/src/Concerns/RoutesRequests.php(174): Laravel\\Lumen\\Application->handleDispatcherResponse(Array)
#14 /home/memberpehunt/public_html/production/vendor/laravel/lumen-framework/src/Concerns/RoutesRequests.php(431): Laravel\\Lumen\\Application->Laravel\\Lumen\\Concerns\\{closure}(Object(Laravel\\Lumen\\Http\\Request))
#15 /home/memberpehunt/public_html/production/vendor/laravel/lumen-framework/src/Concerns/RoutesRequests.php(167): Laravel\\Lumen\\Application->sendThroughPipeline(Array, Object(Closure))
#16 /home/memberpehunt/public_html/production/vendor/laravel/lumen-framework/src/Concerns/RoutesRequests.php(112): Laravel\\Lumen\\Application->dispatch(NULL)
#17 /home/memberpehunt/public_html/production/index.php(29): Laravel\\Lumen\\Application->run()
#18 {main}
"} 
[2025-06-26 07:23:18] server.ERROR: Undefined property: stdClass::$transaction_id {"exception":"[object] (ErrorException(code: 0): Undefined property: stdClass::$transaction_id at /home/memberpehunt/public_html/production/app/Http/Controllers/Services/PayoutController.php:2399)
[stacktrace]
#0 /home/memberpehunt/public_html/production/vendor/laravel/lumen-framework/src/Concerns/RegistersExceptionHandlers.php(47): Laravel\\Lumen\\Application->handleError(2, 'Undefined prope...', '/home/memberpeh...', 2399)
#1 /home/memberpehunt/public_html/production/app/Http/Controllers/Services/PayoutController.php(2399): Laravel\\Lumen\\Application->Laravel\\Lumen\\Concerns\\{closure}(2, 'Undefined prope...', '/home/memberpeh...', 2399)
#2 /home/memberpehunt/public_html/production/vendor/illuminate/container/BoundMethod.php(36): App\\Http\\Controllers\\Services\\PayoutController->webhook(Object(Laravel\\Lumen\\Http\\Request), 'groscope')
#3 /home/memberpehunt/public_html/production/vendor/illuminate/container/Util.php(41): Illuminate\\Container\\BoundMethod::Illuminate\\Container\\{closure}()
#4 /home/memberpehunt/public_html/production/vendor/illuminate/container/BoundMethod.php(93): Illuminate\\Container\\Util::unwrapIfClosure(Object(Closure))
#5 /home/memberpehunt/public_html/production/vendor/illuminate/container/BoundMethod.php(35): Illuminate\\Container\\BoundMethod::callBoundMethod(Object(Laravel\\Lumen\\Application), Array, Object(Closure))
#6 /home/memberpehunt/public_html/production/vendor/illuminate/container/Container.php(663): Illuminate\\Container\\BoundMethod::call(Object(Laravel\\Lumen\\Application), Array, Array, NULL)
#7 /home/memberpehunt/public_html/production/vendor/laravel/lumen-framework/src/Concerns/RoutesRequests.php(391): Illuminate\\Container\\Container->call(Array, Array)
#8 /home/memberpehunt/public_html/production/vendor/laravel/lumen-framework/src/Concerns/RoutesRequests.php(356): Laravel\\Lumen\\Application->callControllerCallable(Array, Array)
#9 /home/memberpehunt/public_html/production/vendor/laravel/lumen-framework/src/Concerns/RoutesRequests.php(331): Laravel\\Lumen\\Application->callLumenController(Object(App\\Http\\Controllers\\Services\\PayoutController), 'webhook', Array)
#10 /home/memberpehunt/public_html/production/vendor/laravel/lumen-framework/src/Concerns/RoutesRequests.php(284): Laravel\\Lumen\\Application->callControllerAction(Array)
#11 /home/memberpehunt/public_html/production/vendor/laravel/lumen-framework/src/Concerns/RoutesRequests.php(269): Laravel\\Lumen\\Application->callActionOnArrayBasedRoute(Array)
#12 /home/memberpehunt/public_html/production/vendor/laravel/lumen-framework/src/Concerns/RoutesRequests.php(239): Laravel\\Lumen\\Application->handleFoundRoute(Array)
#13 /home/memberpehunt/public_html/production/vendor/laravel/lumen-framework/src/Concerns/RoutesRequests.php(174): Laravel\\Lumen\\Application->handleDispatcherResponse(Array)
#14 /home/memberpehunt/public_html/production/vendor/laravel/lumen-framework/src/Concerns/RoutesRequests.php(431): Laravel\\Lumen\\Application->Laravel\\Lumen\\Concerns\\{closure}(Object(Laravel\\Lumen\\Http\\Request))
#15 /home/memberpehunt/public_html/production/vendor/laravel/lumen-framework/src/Concerns/RoutesRequests.php(167): Laravel\\Lumen\\Application->sendThroughPipeline(Array, Object(Closure))
#16 /home/memberpehunt/public_html/production/vendor/laravel/lumen-framework/src/Concerns/RoutesRequests.php(112): Laravel\\Lumen\\Application->dispatch(NULL)
#17 /home/memberpehunt/public_html/production/index.php(29): Laravel\\Lumen\\Application->run()
#18 {main}
"} 
